   1              		.cpu cortex-m0plus
   2              		.eabi_attribute 20, 1
   3              		.eabi_attribute 21, 1
   4              		.eabi_attribute 23, 3
   5              		.eabi_attribute 24, 1
   6              		.eabi_attribute 25, 1
   7              		.eabi_attribute 26, 1
   8              		.eabi_attribute 30, 6
   9              		.eabi_attribute 34, 0
  10              		.eabi_attribute 18, 4
  11              		.file	"startup_mkl25z4.c"
  12              		.text
  13              	.Ltext0:
  14              		.cfi_sections	.debug_frame
  15              		.global	Flash_Config
  16              		.section	.FlashConfig,"a"
  17              		.align	2
  20              	Flash_Config:
  21 0000 FFFFFFFF 		.word	-1
  22 0004 FFFFFFFF 		.word	-1
  23 0008 FFFFFFFF 		.word	-1
  24 000c FEFFFFFF 		.word	-2
  25              		.global	g_pfnVectors
  26              		.section	.isr_vector,"a"
  27              		.align	2
  30              	g_pfnVectors:
  31 0000 00000000 		.word	_vStackTop
  32 0004 00000000 		.word	ResetISR
  33 0008 00000000 		.word	NMI_Handler
  34 000c 00000000 		.word	HardFault_Handler
  35 0010 00000000 		.word	0
  36 0014 00000000 		.word	0
  37 0018 00000000 		.word	0
  38 001c 00000000 		.word	0
  39 0020 00000000 		.word	0
  40 0024 00000000 		.word	0
  41 0028 00000000 		.word	0
  42 002c 00000000 		.word	SVC_Handler
  43 0030 00000000 		.word	0
  44 0034 00000000 		.word	0
  45 0038 00000000 		.word	PendSV_Handler
  46 003c 00000000 		.word	SysTick_Handler
  47 0040 00000000 		.word	DMA0_IRQHandler
  48 0044 00000000 		.word	DMA1_IRQHandler
  49 0048 00000000 		.word	DMA2_IRQHandler
  50 004c 00000000 		.word	DMA3_IRQHandler
  51 0050 00000000 		.word	Reserved20_IRQHandler
  52 0054 00000000 		.word	FTFA_IRQHandler
  53 0058 00000000 		.word	LVD_LVW_IRQHandler
  54 005c 00000000 		.word	LLWU_IRQHandler
  55 0060 00000000 		.word	I2C0_IRQHandler
  56 0064 00000000 		.word	I2C1_IRQHandler
  57 0068 00000000 		.word	SPI0_IRQHandler
  58 006c 00000000 		.word	SPI1_IRQHandler
  59 0070 00000000 		.word	UART0_IRQHandler
  60 0074 00000000 		.word	UART1_IRQHandler
  61 0078 00000000 		.word	UART2_IRQHandler
  62 007c 00000000 		.word	ADC0_IRQHandler
  63 0080 00000000 		.word	CMP0_IRQHandler
  64 0084 00000000 		.word	TPM0_IRQHandler
  65 0088 00000000 		.word	TPM1_IRQHandler
  66 008c 00000000 		.word	TPM2_IRQHandler
  67 0090 00000000 		.word	RTC_IRQHandler
  68 0094 00000000 		.word	RTC_Seconds_IRQHandler
  69 0098 00000000 		.word	PIT_IRQHandler
  70 009c 00000000 		.word	Reserved39_IRQHandler
  71 00a0 00000000 		.word	USB0_IRQHandler
  72 00a4 00000000 		.word	DAC0_IRQHandler
  73 00a8 00000000 		.word	TSI0_IRQHandler
  74 00ac 00000000 		.word	MCG_IRQHandler
  75 00b0 00000000 		.word	LPTMR0_IRQHandler
  76 00b4 00000000 		.word	Reserved45_IRQHandler
  77 00b8 00000000 		.word	PORTA_IRQHandler
  78 00bc 00000000 		.word	PORTD_IRQHandler
  79              		.global	__Vectors
  80              		.set	__Vectors,g_pfnVectors
  81              		.section	.after_vectors.init_data,"ax",%progbits
  82              		.align	1
  83              		.global	data_init
  84              		.arch armv6s-m
  85              		.syntax unified
  86              		.code	16
  87              		.thumb_func
  88              		.fpu softvfp
  90              	data_init:
  91              	.LFB0:
  92              		.file 1 "../startup/startup_mkl25z4.c"
   1:../startup/startup_mkl25z4.c **** //*****************************************************************************
   2:../startup/startup_mkl25z4.c **** // MKL25Z4 startup code for use with MCUXpresso IDE
   3:../startup/startup_mkl25z4.c **** //
   4:../startup/startup_mkl25z4.c **** // Version : 050117
   5:../startup/startup_mkl25z4.c **** //*****************************************************************************
   6:../startup/startup_mkl25z4.c **** //
   7:../startup/startup_mkl25z4.c **** // Copyright(C) NXP Semiconductors, 2017
   8:../startup/startup_mkl25z4.c **** // All rights reserved.
   9:../startup/startup_mkl25z4.c **** //
  10:../startup/startup_mkl25z4.c **** // Redistribution and use in source and binary forms, with or without modification,
  11:../startup/startup_mkl25z4.c **** // are permitted provided that the following conditions are met:
  12:../startup/startup_mkl25z4.c **** //
  13:../startup/startup_mkl25z4.c **** // o Redistributions of source code must retain the above copyright notice, this list
  14:../startup/startup_mkl25z4.c **** //   of conditions and the following disclaimer.
  15:../startup/startup_mkl25z4.c **** //
  16:../startup/startup_mkl25z4.c **** // o Redistributions in binary form must reproduce the above copyright notice, this
  17:../startup/startup_mkl25z4.c **** //   list of conditions and the following disclaimer in the documentation and/or
  18:../startup/startup_mkl25z4.c **** //   other materials provided with the distribution.
  19:../startup/startup_mkl25z4.c **** //
  20:../startup/startup_mkl25z4.c **** // o Neither the name of copyright holder nor the names of its
  21:../startup/startup_mkl25z4.c **** //   contributors may be used to endorse or promote products derived from this
  22:../startup/startup_mkl25z4.c **** //   software without specific prior written permission.
  23:../startup/startup_mkl25z4.c **** //
  24:../startup/startup_mkl25z4.c **** // THIS SOFTWARE IS PROVIDED BY THE COPYRIGHT HOLDERS AND CONTRIBUTORS "AS IS" AND
  25:../startup/startup_mkl25z4.c **** // ANY EXPRESS OR IMPLIED WARRANTIES, INCLUDING, BUT NOT LIMITED TO, THE IMPLIED
  26:../startup/startup_mkl25z4.c **** // WARRANTIES OF MERCHANTABILITY AND FITNESS FOR A PARTICULAR PURPOSE ARE
  27:../startup/startup_mkl25z4.c **** // DISCLAIMED. IN NO EVENT SHALL THE COPYRIGHT HOLDER OR CONTRIBUTORS BE LIABLE FOR
  28:../startup/startup_mkl25z4.c **** // ANY DIRECT, INDIRECT, INCIDENTAL, SPECIAL, EXEMPLARY, OR CONSEQUENTIAL DAMAGES
  29:../startup/startup_mkl25z4.c **** // (INCLUDING, BUT NOT LIMITED TO, PROCUREMENT OF SUBSTITUTE GOODS OR SERVICES;
  30:../startup/startup_mkl25z4.c **** // LOSS OF USE, DATA, OR PROFITS; OR BUSINESS INTERRUPTION) HOWEVER CAUSED AND ON
  31:../startup/startup_mkl25z4.c **** // ANY THEORY OF LIABILITY, WHETHER IN CONTRACT, STRICT LIABILITY, OR TORT
  32:../startup/startup_mkl25z4.c **** // (INCLUDING NEGLIGENCE OR OTHERWISE) ARISING IN ANY WAY OUT OF THE USE OF THIS
  33:../startup/startup_mkl25z4.c **** // SOFTWARE, EVEN IF ADVISED OF THE POSSIBILITY OF SUCH DAMAGE.
  34:../startup/startup_mkl25z4.c **** //*****************************************************************************
  35:../startup/startup_mkl25z4.c **** 
  36:../startup/startup_mkl25z4.c **** #if defined (DEBUG)
  37:../startup/startup_mkl25z4.c **** #pragma GCC push_options
  38:../startup/startup_mkl25z4.c **** #pragma GCC optimize ("Og")
  39:../startup/startup_mkl25z4.c **** #endif // (DEBUG)
  40:../startup/startup_mkl25z4.c **** 
  41:../startup/startup_mkl25z4.c **** #if defined (__cplusplus)
  42:../startup/startup_mkl25z4.c **** #ifdef __REDLIB__
  43:../startup/startup_mkl25z4.c **** #error Redlib does not support C++
  44:../startup/startup_mkl25z4.c **** #else
  45:../startup/startup_mkl25z4.c **** //*****************************************************************************
  46:../startup/startup_mkl25z4.c **** //
  47:../startup/startup_mkl25z4.c **** // The entry point for the C++ library startup
  48:../startup/startup_mkl25z4.c **** //
  49:../startup/startup_mkl25z4.c **** //*****************************************************************************
  50:../startup/startup_mkl25z4.c **** extern "C" {
  51:../startup/startup_mkl25z4.c ****     extern void __libc_init_array(void);
  52:../startup/startup_mkl25z4.c **** }
  53:../startup/startup_mkl25z4.c **** #endif
  54:../startup/startup_mkl25z4.c **** #endif
  55:../startup/startup_mkl25z4.c **** 
  56:../startup/startup_mkl25z4.c **** #define WEAK __attribute__ ((weak))
  57:../startup/startup_mkl25z4.c **** #define WEAK_AV __attribute__ ((weak, section(".after_vectors")))
  58:../startup/startup_mkl25z4.c **** #define ALIAS(f) __attribute__ ((weak, alias (#f)))
  59:../startup/startup_mkl25z4.c **** 
  60:../startup/startup_mkl25z4.c **** //*****************************************************************************
  61:../startup/startup_mkl25z4.c **** #if defined (__cplusplus)
  62:../startup/startup_mkl25z4.c **** extern "C" {
  63:../startup/startup_mkl25z4.c **** #endif
  64:../startup/startup_mkl25z4.c **** 
  65:../startup/startup_mkl25z4.c **** //*****************************************************************************
  66:../startup/startup_mkl25z4.c **** // Flash Configuration block : 16-byte flash configuration field that stores
  67:../startup/startup_mkl25z4.c **** // default protection settings (loaded on reset) and security information that
  68:../startup/startup_mkl25z4.c **** // allows the MCU to restrict access to the Flash Memory module.
  69:../startup/startup_mkl25z4.c **** // Placed at address 0x400 by the linker script.
  70:../startup/startup_mkl25z4.c **** //*****************************************************************************
  71:../startup/startup_mkl25z4.c **** 
  72:../startup/startup_mkl25z4.c **** __attribute__ ((used,section(".FlashConfig"))) const struct {
  73:../startup/startup_mkl25z4.c ****     unsigned int word1;
  74:../startup/startup_mkl25z4.c ****     unsigned int word2;
  75:../startup/startup_mkl25z4.c ****     unsigned int word3;
  76:../startup/startup_mkl25z4.c ****     unsigned int word4;
  77:../startup/startup_mkl25z4.c **** } Flash_Config = {0xFFFFFFFF, 0xFFFFFFFF, 0xFFFFFFFF, 0xFFFFFFFE};
  78:../startup/startup_mkl25z4.c **** 
  79:../startup/startup_mkl25z4.c **** //*****************************************************************************
  80:../startup/startup_mkl25z4.c **** // Declaration of external SystemInit function
  81:../startup/startup_mkl25z4.c **** //*****************************************************************************
  82:../startup/startup_mkl25z4.c **** #if defined (__USE_CMSIS)
  83:../startup/startup_mkl25z4.c **** extern void SystemInit(void);
  84:../startup/startup_mkl25z4.c **** #endif // (__USE_CMSIS)
  85:../startup/startup_mkl25z4.c **** 
  86:../startup/startup_mkl25z4.c **** //*****************************************************************************
  87:../startup/startup_mkl25z4.c **** // Forward declaration of the core exception handlers.
  88:../startup/startup_mkl25z4.c **** // When the application defines a handler (with the same name), this will
  89:../startup/startup_mkl25z4.c **** // automatically take precedence over these weak definitions
  90:../startup/startup_mkl25z4.c **** //*****************************************************************************
  91:../startup/startup_mkl25z4.c ****      void ResetISR(void);
  92:../startup/startup_mkl25z4.c **** WEAK void NMI_Handler(void);
  93:../startup/startup_mkl25z4.c **** WEAK void HardFault_Handler(void);
  94:../startup/startup_mkl25z4.c **** WEAK void SVC_Handler(void);
  95:../startup/startup_mkl25z4.c **** WEAK void PendSV_Handler(void);
  96:../startup/startup_mkl25z4.c **** WEAK void SysTick_Handler(void);
  97:../startup/startup_mkl25z4.c **** WEAK void IntDefaultHandler(void);
  98:../startup/startup_mkl25z4.c **** 
  99:../startup/startup_mkl25z4.c **** //*****************************************************************************
 100:../startup/startup_mkl25z4.c **** // Forward declaration of the application IRQ handlers. When the application
 101:../startup/startup_mkl25z4.c **** // defines a handler (with the same name), this will automatically take
 102:../startup/startup_mkl25z4.c **** // precedence over weak definitions below
 103:../startup/startup_mkl25z4.c **** //*****************************************************************************
 104:../startup/startup_mkl25z4.c **** WEAK void DMA0_IRQHandler(void);
 105:../startup/startup_mkl25z4.c **** WEAK void DMA1_IRQHandler(void);
 106:../startup/startup_mkl25z4.c **** WEAK void DMA2_IRQHandler(void);
 107:../startup/startup_mkl25z4.c **** WEAK void DMA3_IRQHandler(void);
 108:../startup/startup_mkl25z4.c **** WEAK void Reserved20_IRQHandler(void);
 109:../startup/startup_mkl25z4.c **** WEAK void FTFA_IRQHandler(void);
 110:../startup/startup_mkl25z4.c **** WEAK void LVD_LVW_IRQHandler(void);
 111:../startup/startup_mkl25z4.c **** WEAK void LLWU_IRQHandler(void);
 112:../startup/startup_mkl25z4.c **** WEAK void I2C0_IRQHandler(void);
 113:../startup/startup_mkl25z4.c **** WEAK void I2C1_IRQHandler(void);
 114:../startup/startup_mkl25z4.c **** WEAK void SPI0_IRQHandler(void);
 115:../startup/startup_mkl25z4.c **** WEAK void SPI1_IRQHandler(void);
 116:../startup/startup_mkl25z4.c **** WEAK void UART0_IRQHandler(void);
 117:../startup/startup_mkl25z4.c **** WEAK void UART1_IRQHandler(void);
 118:../startup/startup_mkl25z4.c **** WEAK void UART2_IRQHandler(void);
 119:../startup/startup_mkl25z4.c **** WEAK void ADC0_IRQHandler(void);
 120:../startup/startup_mkl25z4.c **** WEAK void CMP0_IRQHandler(void);
 121:../startup/startup_mkl25z4.c **** WEAK void TPM0_IRQHandler(void);
 122:../startup/startup_mkl25z4.c **** WEAK void TPM1_IRQHandler(void);
 123:../startup/startup_mkl25z4.c **** WEAK void TPM2_IRQHandler(void);
 124:../startup/startup_mkl25z4.c **** WEAK void RTC_IRQHandler(void);
 125:../startup/startup_mkl25z4.c **** WEAK void RTC_Seconds_IRQHandler(void);
 126:../startup/startup_mkl25z4.c **** WEAK void PIT_IRQHandler(void);
 127:../startup/startup_mkl25z4.c **** WEAK void Reserved39_IRQHandler(void);
 128:../startup/startup_mkl25z4.c **** WEAK void USB0_IRQHandler(void);
 129:../startup/startup_mkl25z4.c **** WEAK void DAC0_IRQHandler(void);
 130:../startup/startup_mkl25z4.c **** WEAK void TSI0_IRQHandler(void);
 131:../startup/startup_mkl25z4.c **** WEAK void MCG_IRQHandler(void);
 132:../startup/startup_mkl25z4.c **** WEAK void LPTMR0_IRQHandler(void);
 133:../startup/startup_mkl25z4.c **** WEAK void Reserved45_IRQHandler(void);
 134:../startup/startup_mkl25z4.c **** WEAK void PORTA_IRQHandler(void);
 135:../startup/startup_mkl25z4.c **** WEAK void PORTD_IRQHandler(void);
 136:../startup/startup_mkl25z4.c **** 
 137:../startup/startup_mkl25z4.c **** //*****************************************************************************
 138:../startup/startup_mkl25z4.c **** // Forward declaration of the driver IRQ handlers. These are aliased
 139:../startup/startup_mkl25z4.c **** // to the IntDefaultHandler, which is a 'forever' loop. When the driver
 140:../startup/startup_mkl25z4.c **** // defines a handler (with the same name), this will automatically take
 141:../startup/startup_mkl25z4.c **** // precedence over these weak definitions
 142:../startup/startup_mkl25z4.c **** //*****************************************************************************
 143:../startup/startup_mkl25z4.c **** void DMA0_DriverIRQHandler(void) ALIAS(IntDefaultHandler);
 144:../startup/startup_mkl25z4.c **** void DMA1_DriverIRQHandler(void) ALIAS(IntDefaultHandler);
 145:../startup/startup_mkl25z4.c **** void DMA2_DriverIRQHandler(void) ALIAS(IntDefaultHandler);
 146:../startup/startup_mkl25z4.c **** void DMA3_DriverIRQHandler(void) ALIAS(IntDefaultHandler);
 147:../startup/startup_mkl25z4.c **** void Reserved20_DriverIRQHandler(void) ALIAS(IntDefaultHandler);
 148:../startup/startup_mkl25z4.c **** void FTFA_DriverIRQHandler(void) ALIAS(IntDefaultHandler);
 149:../startup/startup_mkl25z4.c **** void LVD_LVW_DriverIRQHandler(void) ALIAS(IntDefaultHandler);
 150:../startup/startup_mkl25z4.c **** void LLWU_DriverIRQHandler(void) ALIAS(IntDefaultHandler);
 151:../startup/startup_mkl25z4.c **** void I2C0_DriverIRQHandler(void) ALIAS(IntDefaultHandler);
 152:../startup/startup_mkl25z4.c **** void I2C1_DriverIRQHandler(void) ALIAS(IntDefaultHandler);
 153:../startup/startup_mkl25z4.c **** void SPI0_DriverIRQHandler(void) ALIAS(IntDefaultHandler);
 154:../startup/startup_mkl25z4.c **** void SPI1_DriverIRQHandler(void) ALIAS(IntDefaultHandler);
 155:../startup/startup_mkl25z4.c **** void UART0_DriverIRQHandler(void) ALIAS(IntDefaultHandler);
 156:../startup/startup_mkl25z4.c **** void UART1_DriverIRQHandler(void) ALIAS(IntDefaultHandler);
 157:../startup/startup_mkl25z4.c **** void UART2_DriverIRQHandler(void) ALIAS(IntDefaultHandler);
 158:../startup/startup_mkl25z4.c **** void ADC0_DriverIRQHandler(void) ALIAS(IntDefaultHandler);
 159:../startup/startup_mkl25z4.c **** void CMP0_DriverIRQHandler(void) ALIAS(IntDefaultHandler);
 160:../startup/startup_mkl25z4.c **** void TPM0_DriverIRQHandler(void) ALIAS(IntDefaultHandler);
 161:../startup/startup_mkl25z4.c **** void TPM1_DriverIRQHandler(void) ALIAS(IntDefaultHandler);
 162:../startup/startup_mkl25z4.c **** void TPM2_DriverIRQHandler(void) ALIAS(IntDefaultHandler);
 163:../startup/startup_mkl25z4.c **** void RTC_DriverIRQHandler(void) ALIAS(IntDefaultHandler);
 164:../startup/startup_mkl25z4.c **** void RTC_Seconds_DriverIRQHandler(void) ALIAS(IntDefaultHandler);
 165:../startup/startup_mkl25z4.c **** void PIT_DriverIRQHandler(void) ALIAS(IntDefaultHandler);
 166:../startup/startup_mkl25z4.c **** void Reserved39_DriverIRQHandler(void) ALIAS(IntDefaultHandler);
 167:../startup/startup_mkl25z4.c **** void USB0_DriverIRQHandler(void) ALIAS(IntDefaultHandler);
 168:../startup/startup_mkl25z4.c **** void DAC0_DriverIRQHandler(void) ALIAS(IntDefaultHandler);
 169:../startup/startup_mkl25z4.c **** void TSI0_DriverIRQHandler(void) ALIAS(IntDefaultHandler);
 170:../startup/startup_mkl25z4.c **** void MCG_DriverIRQHandler(void) ALIAS(IntDefaultHandler);
 171:../startup/startup_mkl25z4.c **** void LPTMR0_DriverIRQHandler(void) ALIAS(IntDefaultHandler);
 172:../startup/startup_mkl25z4.c **** void Reserved45_DriverIRQHandler(void) ALIAS(IntDefaultHandler);
 173:../startup/startup_mkl25z4.c **** void PORTA_DriverIRQHandler(void) ALIAS(IntDefaultHandler);
 174:../startup/startup_mkl25z4.c **** void PORTD_DriverIRQHandler(void) ALIAS(IntDefaultHandler);
 175:../startup/startup_mkl25z4.c **** 
 176:../startup/startup_mkl25z4.c **** //*****************************************************************************
 177:../startup/startup_mkl25z4.c **** // The entry point for the application.
 178:../startup/startup_mkl25z4.c **** // __main() is the entry point for Redlib based applications
 179:../startup/startup_mkl25z4.c **** // main() is the entry point for Newlib based applications
 180:../startup/startup_mkl25z4.c **** //*****************************************************************************
 181:../startup/startup_mkl25z4.c **** #if defined (__REDLIB__)
 182:../startup/startup_mkl25z4.c **** extern void __main(void);
 183:../startup/startup_mkl25z4.c **** #endif
 184:../startup/startup_mkl25z4.c **** extern int main(void);
 185:../startup/startup_mkl25z4.c **** 
 186:../startup/startup_mkl25z4.c **** //*****************************************************************************
 187:../startup/startup_mkl25z4.c **** // External declaration for the pointer to the stack top from the Linker Script
 188:../startup/startup_mkl25z4.c **** //*****************************************************************************
 189:../startup/startup_mkl25z4.c **** extern void _vStackTop(void);
 190:../startup/startup_mkl25z4.c **** 
 191:../startup/startup_mkl25z4.c **** //*****************************************************************************
 192:../startup/startup_mkl25z4.c **** #if defined (__cplusplus)
 193:../startup/startup_mkl25z4.c **** } // extern "C"
 194:../startup/startup_mkl25z4.c **** #endif
 195:../startup/startup_mkl25z4.c **** 
 196:../startup/startup_mkl25z4.c **** //*****************************************************************************
 197:../startup/startup_mkl25z4.c **** // The vector table.
 198:../startup/startup_mkl25z4.c **** // This relies on the linker script to place at correct location in memory.
 199:../startup/startup_mkl25z4.c **** //*****************************************************************************
 200:../startup/startup_mkl25z4.c **** extern void (* const g_pfnVectors[])(void);
 201:../startup/startup_mkl25z4.c **** extern void * __Vectors __attribute__ ((alias ("g_pfnVectors")));
 202:../startup/startup_mkl25z4.c **** 
 203:../startup/startup_mkl25z4.c **** __attribute__ ((used, section(".isr_vector")))
 204:../startup/startup_mkl25z4.c **** void (* const g_pfnVectors[])(void) = {
 205:../startup/startup_mkl25z4.c ****     // Core Level - CM0P
 206:../startup/startup_mkl25z4.c ****     &_vStackTop,                       // The initial stack pointer
 207:../startup/startup_mkl25z4.c ****     ResetISR,                          // The reset handler
 208:../startup/startup_mkl25z4.c ****     NMI_Handler,                       // The NMI handler
 209:../startup/startup_mkl25z4.c ****     HardFault_Handler,                 // The hard fault handler
 210:../startup/startup_mkl25z4.c ****     0,                                 // Reserved
 211:../startup/startup_mkl25z4.c ****     0,                                 // Reserved
 212:../startup/startup_mkl25z4.c ****     0,                                 // Reserved
 213:../startup/startup_mkl25z4.c ****     0,                                 // Reserved
 214:../startup/startup_mkl25z4.c ****     0,                                 // Reserved
 215:../startup/startup_mkl25z4.c ****     0,                                 // Reserved
 216:../startup/startup_mkl25z4.c ****     0,                                 // Reserved
 217:../startup/startup_mkl25z4.c ****     SVC_Handler,                       // SVCall handler
 218:../startup/startup_mkl25z4.c ****     0,                                 // Reserved
 219:../startup/startup_mkl25z4.c ****     0,                                 // Reserved
 220:../startup/startup_mkl25z4.c ****     PendSV_Handler,                    // The PendSV handler
 221:../startup/startup_mkl25z4.c ****     SysTick_Handler,                   // The SysTick handler
 222:../startup/startup_mkl25z4.c **** 
 223:../startup/startup_mkl25z4.c ****     // Chip Level - MKL25Z4
 224:../startup/startup_mkl25z4.c ****     DMA0_IRQHandler,         // 16: DMA channel 0 transfer complete
 225:../startup/startup_mkl25z4.c ****     DMA1_IRQHandler,         // 17: DMA channel 1 transfer complete
 226:../startup/startup_mkl25z4.c ****     DMA2_IRQHandler,         // 18: DMA channel 2 transfer complete
 227:../startup/startup_mkl25z4.c ****     DMA3_IRQHandler,         // 19: DMA channel 3 transfer complete
 228:../startup/startup_mkl25z4.c ****     Reserved20_IRQHandler,   // 20: Reserved interrupt
 229:../startup/startup_mkl25z4.c ****     FTFA_IRQHandler,         // 21: Command complete and read collision
 230:../startup/startup_mkl25z4.c ****     LVD_LVW_IRQHandler,      // 22: Low-voltage detect, low-voltage warning
 231:../startup/startup_mkl25z4.c ****     LLWU_IRQHandler,         // 23: Low leakage wakeup Unit
 232:../startup/startup_mkl25z4.c ****     I2C0_IRQHandler,         // 24: I2C0 interrupt
 233:../startup/startup_mkl25z4.c ****     I2C1_IRQHandler,         // 25: I2C1 interrupt
 234:../startup/startup_mkl25z4.c ****     SPI0_IRQHandler,         // 26: SPI0 single interrupt vector for all sources
 235:../startup/startup_mkl25z4.c ****     SPI1_IRQHandler,         // 27: SPI1 single interrupt vector for all sources
 236:../startup/startup_mkl25z4.c ****     UART0_IRQHandler,        // 28: UART0 status and error
 237:../startup/startup_mkl25z4.c ****     UART1_IRQHandler,        // 29: UART1 status and error
 238:../startup/startup_mkl25z4.c ****     UART2_IRQHandler,        // 30: UART2 status and error
 239:../startup/startup_mkl25z4.c ****     ADC0_IRQHandler,         // 31: ADC0 interrupt
 240:../startup/startup_mkl25z4.c ****     CMP0_IRQHandler,         // 32: CMP0 interrupt
 241:../startup/startup_mkl25z4.c ****     TPM0_IRQHandler,         // 33: TPM0 single interrupt vector for all sources
 242:../startup/startup_mkl25z4.c ****     TPM1_IRQHandler,         // 34: TPM1 single interrupt vector for all sources
 243:../startup/startup_mkl25z4.c ****     TPM2_IRQHandler,         // 35: TPM2 single interrupt vector for all sources
 244:../startup/startup_mkl25z4.c ****     RTC_IRQHandler,          // 36: RTC alarm
 245:../startup/startup_mkl25z4.c ****     RTC_Seconds_IRQHandler,  // 37: RTC seconds
 246:../startup/startup_mkl25z4.c ****     PIT_IRQHandler,          // 38: PIT interrupt
 247:../startup/startup_mkl25z4.c ****     Reserved39_IRQHandler,   // 39: Reserved interrupt
 248:../startup/startup_mkl25z4.c ****     USB0_IRQHandler,         // 40: USB0 interrupt
 249:../startup/startup_mkl25z4.c ****     DAC0_IRQHandler,         // 41: DAC0 interrupt
 250:../startup/startup_mkl25z4.c ****     TSI0_IRQHandler,         // 42: TSI0 interrupt
 251:../startup/startup_mkl25z4.c ****     MCG_IRQHandler,          // 43: MCG interrupt
 252:../startup/startup_mkl25z4.c ****     LPTMR0_IRQHandler,       // 44: LPTMR0 interrupt
 253:../startup/startup_mkl25z4.c ****     Reserved45_IRQHandler,   // 45: Reserved interrupt
 254:../startup/startup_mkl25z4.c ****     PORTA_IRQHandler,        // 46: PORTA Pin detect
 255:../startup/startup_mkl25z4.c ****     PORTD_IRQHandler,        // 47: PORTD Pin detect
 256:../startup/startup_mkl25z4.c **** }; /* End of g_pfnVectors */
 257:../startup/startup_mkl25z4.c **** 
 258:../startup/startup_mkl25z4.c **** //*****************************************************************************
 259:../startup/startup_mkl25z4.c **** // Functions to carry out the initialization of RW and BSS data sections. These
 260:../startup/startup_mkl25z4.c **** // are written as separate functions rather than being inlined within the
 261:../startup/startup_mkl25z4.c **** // ResetISR() function in order to cope with MCUs with multiple banks of
 262:../startup/startup_mkl25z4.c **** // memory.
 263:../startup/startup_mkl25z4.c **** //*****************************************************************************
 264:../startup/startup_mkl25z4.c **** __attribute__ ((section(".after_vectors.init_data")))
 265:../startup/startup_mkl25z4.c **** void data_init(unsigned int romstart, unsigned int start, unsigned int len) {
  93              		.loc 1 265 77
  94              		.cfi_startproc
  95              		@ args = 0, pretend = 0, frame = 0
  96              		@ frame_needed = 0, uses_anonymous_args = 0
  97 0000 10B5     		push	{r4, lr}
  98              		.cfi_def_cfa_offset 8
  99              		.cfi_offset 4, -8
 100              		.cfi_offset 14, -4
 266:../startup/startup_mkl25z4.c **** 	unsigned int *pulDest = (unsigned int*) start;
 267:../startup/startup_mkl25z4.c **** 	unsigned int *pulSrc = (unsigned int*) romstart;
 268:../startup/startup_mkl25z4.c **** 	unsigned int loop;
 269:../startup/startup_mkl25z4.c **** 	for (loop = 0; loop < len; loop = loop + 4)
 101              		.loc 1 269 12
 102 0002 0023     		movs	r3, #0
 103              	.L2:
 104              		.loc 1 269 2 discriminator 1
 105 0004 9342     		cmp	r3, r2
 106 0006 03D2     		bcs	.L4
 270:../startup/startup_mkl25z4.c **** 		*pulDest++ = *pulSrc++;
 107              		.loc 1 270 16 discriminator 3
 108 0008 10C8     		ldmia	r0!, {r4}
 109              		.loc 1 270 14 discriminator 3
 110 000a 10C1     		stmia	r1!, {r4}
 269:../startup/startup_mkl25z4.c **** 		*pulDest++ = *pulSrc++;
 111              		.loc 1 269 34 discriminator 3
 112 000c 0433     		adds	r3, r3, #4
 113 000e F9E7     		b	.L2
 114              	.L4:
 271:../startup/startup_mkl25z4.c **** }
 115              		.loc 1 271 1
 116              		@ sp needed
 117 0010 10BD     		pop	{r4, pc}
 118              		.cfi_endproc
 119              	.LFE0:
 121              		.section	.after_vectors.init_bss,"ax",%progbits
 122              		.align	1
 123              		.global	bss_init
 124              		.syntax unified
 125              		.code	16
 126              		.thumb_func
 127              		.fpu softvfp
 129              	bss_init:
 130              	.LFB1:
 272:../startup/startup_mkl25z4.c **** 
 273:../startup/startup_mkl25z4.c **** __attribute__ ((section(".after_vectors.init_bss")))
 274:../startup/startup_mkl25z4.c **** void bss_init(unsigned int start, unsigned int len) {
 131              		.loc 1 274 53
 132              		.cfi_startproc
 133              		@ args = 0, pretend = 0, frame = 0
 134              		@ frame_needed = 0, uses_anonymous_args = 0
 135              		@ link register save eliminated.
 275:../startup/startup_mkl25z4.c **** 	unsigned int *pulDest = (unsigned int*) start;
 276:../startup/startup_mkl25z4.c **** 	unsigned int loop;
 277:../startup/startup_mkl25z4.c **** 	for (loop = 0; loop < len; loop = loop + 4)
 136              		.loc 1 277 12
 137 0000 0023     		movs	r3, #0
 138              	.L6:
 139              		.loc 1 277 2 discriminator 1
 140 0002 8B42     		cmp	r3, r1
 141 0004 03D2     		bcs	.L8
 278:../startup/startup_mkl25z4.c **** 		*pulDest++ = 0;
 142              		.loc 1 278 14 discriminator 3
 143 0006 0022     		movs	r2, #0
 144 0008 04C0     		stmia	r0!, {r2}
 277:../startup/startup_mkl25z4.c **** 		*pulDest++ = 0;
 145              		.loc 1 277 34 discriminator 3
 146 000a 0433     		adds	r3, r3, #4
 147 000c F9E7     		b	.L6
 148              	.L8:
 279:../startup/startup_mkl25z4.c **** }
 149              		.loc 1 279 1
 150              		@ sp needed
 151 000e 7047     		bx	lr
 152              		.cfi_endproc
 153              	.LFE1:
 155              		.section	.after_vectors.reset,"ax",%progbits
 156              		.align	1
 157              		.global	ResetISR
 158              		.syntax unified
 159              		.code	16
 160              		.thumb_func
 161              		.fpu softvfp
 163              	ResetISR:
 164              	.LFB2:
 280:../startup/startup_mkl25z4.c **** 
 281:../startup/startup_mkl25z4.c **** //*****************************************************************************
 282:../startup/startup_mkl25z4.c **** // The following symbols are constructs generated by the linker, indicating
 283:../startup/startup_mkl25z4.c **** // the location of various points in the "Global Section Table". This table is
 284:../startup/startup_mkl25z4.c **** // created by the linker via the Code Red managed linker script mechanism. It
 285:../startup/startup_mkl25z4.c **** // contains the load address, execution address and length of each RW data
 286:../startup/startup_mkl25z4.c **** // section and the execution and length of each BSS (zero initialized) section.
 287:../startup/startup_mkl25z4.c **** //*****************************************************************************
 288:../startup/startup_mkl25z4.c **** extern unsigned int __data_section_table;
 289:../startup/startup_mkl25z4.c **** extern unsigned int __data_section_table_end;
 290:../startup/startup_mkl25z4.c **** extern unsigned int __bss_section_table;
 291:../startup/startup_mkl25z4.c **** extern unsigned int __bss_section_table_end;
 292:../startup/startup_mkl25z4.c **** 
 293:../startup/startup_mkl25z4.c **** //*****************************************************************************
 294:../startup/startup_mkl25z4.c **** // Reset entry point for your code.
 295:../startup/startup_mkl25z4.c **** // Sets up a simple runtime environment and initializes the C/C++
 296:../startup/startup_mkl25z4.c **** // library.
 297:../startup/startup_mkl25z4.c **** //*****************************************************************************
 298:../startup/startup_mkl25z4.c **** __attribute__ ((section(".after_vectors.reset")))
 299:../startup/startup_mkl25z4.c **** void ResetISR(void) {
 165              		.loc 1 299 21
 166              		.cfi_startproc
 167              		@ args = 0, pretend = 0, frame = 0
 168              		@ frame_needed = 0, uses_anonymous_args = 0
 169 0000 10B5     		push	{r4, lr}
 170              		.cfi_def_cfa_offset 8
 171              		.cfi_offset 4, -8
 172              		.cfi_offset 14, -4
 300:../startup/startup_mkl25z4.c **** 
 301:../startup/startup_mkl25z4.c ****     // Disable interrupts
 302:../startup/startup_mkl25z4.c ****     __asm volatile ("cpsid i");
 173              		.loc 1 302 5
 174              		.syntax divided
 175              	@ 302 "../startup/startup_mkl25z4.c" 1
 176 0002 72B6     		cpsid i
 177              	@ 0 "" 2
 303:../startup/startup_mkl25z4.c **** 
 304:../startup/startup_mkl25z4.c **** #if defined (__USE_CMSIS)
 305:../startup/startup_mkl25z4.c **** // If __USE_CMSIS defined, then call CMSIS SystemInit code
 306:../startup/startup_mkl25z4.c ****     SystemInit();
 178              		.loc 1 306 5
 179              		.thumb
 180              		.syntax unified
 181 0004 FFF7FEFF 		bl	SystemInit
 307:../startup/startup_mkl25z4.c **** #else
 308:../startup/startup_mkl25z4.c ****     // Disable Watchdog
 309:../startup/startup_mkl25z4.c ****     // SIM->COPC register: COPT=0,COPCLKS=0,COPW=0
 310:../startup/startup_mkl25z4.c ****     *((volatile unsigned int *)0x40048100) = 0x00u;
 311:../startup/startup_mkl25z4.c **** #endif // (__USE_CMSIS)
 312:../startup/startup_mkl25z4.c **** 
 313:../startup/startup_mkl25z4.c ****     //
 314:../startup/startup_mkl25z4.c ****     // Copy the data sections from flash to SRAM.
 315:../startup/startup_mkl25z4.c ****     //
 316:../startup/startup_mkl25z4.c **** 	unsigned int LoadAddr, ExeAddr, SectionLen;
 317:../startup/startup_mkl25z4.c **** 	unsigned int *SectionTableAddr;
 318:../startup/startup_mkl25z4.c **** 
 319:../startup/startup_mkl25z4.c **** 	// Load base address of Global Section Table
 320:../startup/startup_mkl25z4.c **** 	SectionTableAddr = &__data_section_table;
 182              		.loc 1 320 19
 183 0008 0D4B     		ldr	r3, .L15
 321:../startup/startup_mkl25z4.c **** 
 322:../startup/startup_mkl25z4.c ****     // Copy the data sections from flash to SRAM.
 323:../startup/startup_mkl25z4.c **** 	while (SectionTableAddr < &__data_section_table_end) {
 184              		.loc 1 323 8
 185 000a 07E0     		b	.L10
 186              	.L11:
 324:../startup/startup_mkl25z4.c **** 		LoadAddr = *SectionTableAddr++;
 187              		.loc 1 324 12
 188 000c 1868     		ldr	r0, [r3]
 325:../startup/startup_mkl25z4.c **** 		ExeAddr = *SectionTableAddr++;
 189              		.loc 1 325 11
 190 000e 5968     		ldr	r1, [r3, #4]
 326:../startup/startup_mkl25z4.c **** 		SectionLen = *SectionTableAddr++;
 191              		.loc 1 326 33
 192 0010 1C00     		movs	r4, r3
 193 0012 0C34     		adds	r4, r4, #12
 194              		.loc 1 326 14
 195 0014 9A68     		ldr	r2, [r3, #8]
 327:../startup/startup_mkl25z4.c **** 		data_init(LoadAddr, ExeAddr, SectionLen);
 196              		.loc 1 327 3
 197 0016 FFF7FEFF 		bl	data_init
 326:../startup/startup_mkl25z4.c **** 		SectionLen = *SectionTableAddr++;
 198              		.loc 1 326 33
 199 001a 2300     		movs	r3, r4
 200              	.L10:
 323:../startup/startup_mkl25z4.c **** 		LoadAddr = *SectionTableAddr++;
 201              		.loc 1 323 8
 202 001c 094A     		ldr	r2, .L15+4
 203 001e 9342     		cmp	r3, r2
 204 0020 F4D3     		bcc	.L11
 205 0022 06E0     		b	.L12
 206              	.L13:
 328:../startup/startup_mkl25z4.c **** 	}
 329:../startup/startup_mkl25z4.c **** 
 330:../startup/startup_mkl25z4.c **** 	// At this point, SectionTableAddr = &__bss_section_table;
 331:../startup/startup_mkl25z4.c **** 	// Zero fill the bss segment
 332:../startup/startup_mkl25z4.c **** 	while (SectionTableAddr < &__bss_section_table_end) {
 333:../startup/startup_mkl25z4.c **** 		ExeAddr = *SectionTableAddr++;
 207              		.loc 1 333 11
 208 0024 1868     		ldr	r0, [r3]
 334:../startup/startup_mkl25z4.c **** 		SectionLen = *SectionTableAddr++;
 209              		.loc 1 334 33
 210 0026 1C00     		movs	r4, r3
 211 0028 0834     		adds	r4, r4, #8
 212              		.loc 1 334 14
 213 002a 5968     		ldr	r1, [r3, #4]
 335:../startup/startup_mkl25z4.c **** 		bss_init(ExeAddr, SectionLen);
 214              		.loc 1 335 3
 215 002c FFF7FEFF 		bl	bss_init
 334:../startup/startup_mkl25z4.c **** 		SectionLen = *SectionTableAddr++;
 216              		.loc 1 334 33
 217 0030 2300     		movs	r3, r4
 218              	.L12:
 332:../startup/startup_mkl25z4.c **** 		ExeAddr = *SectionTableAddr++;
 219              		.loc 1 332 8
 220 0032 054A     		ldr	r2, .L15+8
 221 0034 9342     		cmp	r3, r2
 222 0036 F5D3     		bcc	.L13
 336:../startup/startup_mkl25z4.c **** 	}
 337:../startup/startup_mkl25z4.c **** 
 338:../startup/startup_mkl25z4.c **** #if !defined (__USE_CMSIS)
 339:../startup/startup_mkl25z4.c **** // Assume that if __USE_CMSIS defined, then CMSIS SystemInit code
 340:../startup/startup_mkl25z4.c **** // will setup the VTOR register
 341:../startup/startup_mkl25z4.c **** 
 342:../startup/startup_mkl25z4.c ****     // Check to see if we are running the code from a non-zero
 343:../startup/startup_mkl25z4.c ****     // address (eg RAM, external flash), in which case we need
 344:../startup/startup_mkl25z4.c ****     // to modify the VTOR register to tell the CPU that the
 345:../startup/startup_mkl25z4.c ****     // vector table is located at a non-0x0 address.
 346:../startup/startup_mkl25z4.c ****     unsigned int * pSCB_VTOR = (unsigned int *) 0xE000ED08;
 347:../startup/startup_mkl25z4.c ****     if ((unsigned int *)g_pfnVectors!=(unsigned int *) 0x00000000) {
 348:../startup/startup_mkl25z4.c ****         *pSCB_VTOR = (unsigned int)g_pfnVectors;
 349:../startup/startup_mkl25z4.c ****     }
 350:../startup/startup_mkl25z4.c **** #endif // (__USE_CMSIS)
 351:../startup/startup_mkl25z4.c **** 
 352:../startup/startup_mkl25z4.c **** #if defined (__cplusplus)
 353:../startup/startup_mkl25z4.c ****     //
 354:../startup/startup_mkl25z4.c ****     // Call C++ library initialisation
 355:../startup/startup_mkl25z4.c ****     //
 356:../startup/startup_mkl25z4.c ****     __libc_init_array();
 357:../startup/startup_mkl25z4.c **** #endif
 358:../startup/startup_mkl25z4.c **** 
 359:../startup/startup_mkl25z4.c ****     // Reenable interrupts
 360:../startup/startup_mkl25z4.c ****     __asm volatile ("cpsie i");
 223              		.loc 1 360 5
 224              		.syntax divided
 225              	@ 360 "../startup/startup_mkl25z4.c" 1
 226 0038 62B6     		cpsie i
 227              	@ 0 "" 2
 361:../startup/startup_mkl25z4.c **** 
 362:../startup/startup_mkl25z4.c **** #if defined (__REDLIB__)
 363:../startup/startup_mkl25z4.c **** 	// Call the Redlib library, which in turn calls main()
 364:../startup/startup_mkl25z4.c **** 	__main();
 228              		.loc 1 364 2
 229              		.thumb
 230              		.syntax unified
 231 003a FFF7FEFF 		bl	__main
 232              	.L14:
 233 003e FEE7     		b	.L14
 234              	.L16:
 235              		.align	2
 236              	.L15:
 237 0040 00000000 		.word	__data_section_table
 238 0044 00000000 		.word	__data_section_table_end
 239 0048 00000000 		.word	__bss_section_table_end
 240              		.cfi_endproc
 241              	.LFE2:
 243              		.section	.after_vectors,"ax",%progbits
 244              		.align	1
 245              		.weak	NMI_Handler
 246              		.syntax unified
 247              		.code	16
 248              		.thumb_func
 249              		.fpu softvfp
 251              	NMI_Handler:
 252              	.LFB3:
 365:../startup/startup_mkl25z4.c **** #else
 366:../startup/startup_mkl25z4.c **** 	main();
 367:../startup/startup_mkl25z4.c **** #endif
 368:../startup/startup_mkl25z4.c **** 
 369:../startup/startup_mkl25z4.c **** 	//
 370:../startup/startup_mkl25z4.c **** 	// main() shouldn't return, but if it does, we'll just enter an infinite loop
 371:../startup/startup_mkl25z4.c **** 	//
 372:../startup/startup_mkl25z4.c **** 	while (1) {
 373:../startup/startup_mkl25z4.c **** 		;
 374:../startup/startup_mkl25z4.c **** 	}
 375:../startup/startup_mkl25z4.c **** }
 376:../startup/startup_mkl25z4.c **** 
 377:../startup/startup_mkl25z4.c **** //*****************************************************************************
 378:../startup/startup_mkl25z4.c **** // Default core exception handlers. Override the ones here by defining your own
 379:../startup/startup_mkl25z4.c **** // handler routines in your application code.
 380:../startup/startup_mkl25z4.c **** //*****************************************************************************
 381:../startup/startup_mkl25z4.c **** WEAK_AV void NMI_Handler(void)
 382:../startup/startup_mkl25z4.c **** { while(1) {}
 253              		.loc 1 382 1
 254              		.cfi_startproc
 255              		@ args = 0, pretend = 0, frame = 0
 256              		@ frame_needed = 0, uses_anonymous_args = 0
 257              		@ link register save eliminated.
 258              	.L18:
 259 0000 FEE7     		b	.L18
 260              		.cfi_endproc
 261              	.LFE3:
 263              		.align	1
 264              		.weak	HardFault_Handler
 265              		.syntax unified
 266              		.code	16
 267              		.thumb_func
 268              		.fpu softvfp
 270              	HardFault_Handler:
 271              	.LFB4:
 383:../startup/startup_mkl25z4.c **** }
 384:../startup/startup_mkl25z4.c **** 
 385:../startup/startup_mkl25z4.c **** WEAK_AV void HardFault_Handler(void)
 386:../startup/startup_mkl25z4.c **** { while(1) {}
 272              		.loc 1 386 1
 273              		.cfi_startproc
 274              		@ args = 0, pretend = 0, frame = 0
 275              		@ frame_needed = 0, uses_anonymous_args = 0
 276              		@ link register save eliminated.
 277              	.L20:
 278 0002 FEE7     		b	.L20
 279              		.cfi_endproc
 280              	.LFE4:
 282              		.align	1
 283              		.weak	SVC_Handler
 284              		.syntax unified
 285              		.code	16
 286              		.thumb_func
 287              		.fpu softvfp
 289              	SVC_Handler:
 290              	.LFB5:
 387:../startup/startup_mkl25z4.c **** }
 388:../startup/startup_mkl25z4.c **** 
 389:../startup/startup_mkl25z4.c **** WEAK_AV void SVC_Handler(void)
 390:../startup/startup_mkl25z4.c **** { while(1) {}
 291              		.loc 1 390 1
 292              		.cfi_startproc
 293              		@ args = 0, pretend = 0, frame = 0
 294              		@ frame_needed = 0, uses_anonymous_args = 0
 295              		@ link register save eliminated.
 296              	.L22:
 297 0004 FEE7     		b	.L22
 298              		.cfi_endproc
 299              	.LFE5:
 301              		.align	1
 302              		.weak	PendSV_Handler
 303              		.syntax unified
 304              		.code	16
 305              		.thumb_func
 306              		.fpu softvfp
 308              	PendSV_Handler:
 309              	.LFB6:
 391:../startup/startup_mkl25z4.c **** }
 392:../startup/startup_mkl25z4.c **** 
 393:../startup/startup_mkl25z4.c **** WEAK_AV void PendSV_Handler(void)
 394:../startup/startup_mkl25z4.c **** { while(1) {}
 310              		.loc 1 394 1
 311              		.cfi_startproc
 312              		@ args = 0, pretend = 0, frame = 0
 313              		@ frame_needed = 0, uses_anonymous_args = 0
 314              		@ link register save eliminated.
 315              	.L24:
 316 0006 FEE7     		b	.L24
 317              		.cfi_endproc
 318              	.LFE6:
 320              		.align	1
 321              		.weak	SysTick_Handler
 322              		.syntax unified
 323              		.code	16
 324              		.thumb_func
 325              		.fpu softvfp
 327              	SysTick_Handler:
 328              	.LFB7:
 395:../startup/startup_mkl25z4.c **** }
 396:../startup/startup_mkl25z4.c **** 
 397:../startup/startup_mkl25z4.c **** WEAK_AV void SysTick_Handler(void)
 398:../startup/startup_mkl25z4.c **** { while(1) {}
 329              		.loc 1 398 1
 330              		.cfi_startproc
 331              		@ args = 0, pretend = 0, frame = 0
 332              		@ frame_needed = 0, uses_anonymous_args = 0
 333              		@ link register save eliminated.
 334              	.L26:
 335 0008 FEE7     		b	.L26
 336              		.cfi_endproc
 337              	.LFE7:
 339              		.align	1
 340              		.weak	IntDefaultHandler
 341              		.syntax unified
 342              		.code	16
 343              		.thumb_func
 344              		.fpu softvfp
 346              	IntDefaultHandler:
 347              	.LFB8:
 399:../startup/startup_mkl25z4.c **** }
 400:../startup/startup_mkl25z4.c **** 
 401:../startup/startup_mkl25z4.c **** //*****************************************************************************
 402:../startup/startup_mkl25z4.c **** // Processor ends up here if an unexpected interrupt occurs or a specific
 403:../startup/startup_mkl25z4.c **** // handler is not present in the application code.
 404:../startup/startup_mkl25z4.c **** //*****************************************************************************
 405:../startup/startup_mkl25z4.c **** WEAK_AV void IntDefaultHandler(void)
 406:../startup/startup_mkl25z4.c **** { while(1) {}
 348              		.loc 1 406 1
 349              		.cfi_startproc
 350              		@ Volatile: function does not return.
 351              		@ args = 0, pretend = 0, frame = 0
 352              		@ frame_needed = 0, uses_anonymous_args = 0
 353              		@ link register save eliminated.
 354              	.L28:
 355 000a FEE7     		b	.L28
 356              		.cfi_endproc
 357              	.LFE8:
 359              		.weak	PORTD_DriverIRQHandler
 360              		.thumb_set PORTD_DriverIRQHandler,IntDefaultHandler
 361              		.weak	PORTA_DriverIRQHandler
 362              		.thumb_set PORTA_DriverIRQHandler,IntDefaultHandler
 363              		.weak	Reserved45_DriverIRQHandler
 364              		.thumb_set Reserved45_DriverIRQHandler,IntDefaultHandler
 365              		.weak	LPTMR0_DriverIRQHandler
 366              		.thumb_set LPTMR0_DriverIRQHandler,IntDefaultHandler
 367              		.weak	MCG_DriverIRQHandler
 368              		.thumb_set MCG_DriverIRQHandler,IntDefaultHandler
 369              		.weak	TSI0_DriverIRQHandler
 370              		.thumb_set TSI0_DriverIRQHandler,IntDefaultHandler
 371              		.weak	DAC0_DriverIRQHandler
 372              		.thumb_set DAC0_DriverIRQHandler,IntDefaultHandler
 373              		.weak	USB0_DriverIRQHandler
 374              		.thumb_set USB0_DriverIRQHandler,IntDefaultHandler
 375              		.weak	Reserved39_DriverIRQHandler
 376              		.thumb_set Reserved39_DriverIRQHandler,IntDefaultHandler
 377              		.weak	PIT_DriverIRQHandler
 378              		.thumb_set PIT_DriverIRQHandler,IntDefaultHandler
 379              		.weak	RTC_Seconds_DriverIRQHandler
 380              		.thumb_set RTC_Seconds_DriverIRQHandler,IntDefaultHandler
 381              		.weak	RTC_DriverIRQHandler
 382              		.thumb_set RTC_DriverIRQHandler,IntDefaultHandler
 383              		.weak	TPM2_DriverIRQHandler
 384              		.thumb_set TPM2_DriverIRQHandler,IntDefaultHandler
 385              		.weak	TPM1_DriverIRQHandler
 386              		.thumb_set TPM1_DriverIRQHandler,IntDefaultHandler
 387              		.weak	TPM0_DriverIRQHandler
 388              		.thumb_set TPM0_DriverIRQHandler,IntDefaultHandler
 389              		.weak	CMP0_DriverIRQHandler
 390              		.thumb_set CMP0_DriverIRQHandler,IntDefaultHandler
 391              		.weak	ADC0_DriverIRQHandler
 392              		.thumb_set ADC0_DriverIRQHandler,IntDefaultHandler
 393              		.weak	UART2_DriverIRQHandler
 394              		.thumb_set UART2_DriverIRQHandler,IntDefaultHandler
 395              		.weak	UART1_DriverIRQHandler
 396              		.thumb_set UART1_DriverIRQHandler,IntDefaultHandler
 397              		.weak	UART0_DriverIRQHandler
 398              		.thumb_set UART0_DriverIRQHandler,IntDefaultHandler
 399              		.weak	SPI1_DriverIRQHandler
 400              		.thumb_set SPI1_DriverIRQHandler,IntDefaultHandler
 401              		.weak	SPI0_DriverIRQHandler
 402              		.thumb_set SPI0_DriverIRQHandler,IntDefaultHandler
 403              		.weak	I2C1_DriverIRQHandler
 404              		.thumb_set I2C1_DriverIRQHandler,IntDefaultHandler
 405              		.weak	I2C0_DriverIRQHandler
 406              		.thumb_set I2C0_DriverIRQHandler,IntDefaultHandler
 407              		.weak	LLWU_DriverIRQHandler
 408              		.thumb_set LLWU_DriverIRQHandler,IntDefaultHandler
 409              		.weak	LVD_LVW_DriverIRQHandler
 410              		.thumb_set LVD_LVW_DriverIRQHandler,IntDefaultHandler
 411              		.weak	FTFA_DriverIRQHandler
 412              		.thumb_set FTFA_DriverIRQHandler,IntDefaultHandler
 413              		.weak	Reserved20_DriverIRQHandler
 414              		.thumb_set Reserved20_DriverIRQHandler,IntDefaultHandler
 415              		.weak	DMA3_DriverIRQHandler
 416              		.thumb_set DMA3_DriverIRQHandler,IntDefaultHandler
 417              		.weak	DMA2_DriverIRQHandler
 418              		.thumb_set DMA2_DriverIRQHandler,IntDefaultHandler
 419              		.weak	DMA1_DriverIRQHandler
 420              		.thumb_set DMA1_DriverIRQHandler,IntDefaultHandler
 421              		.weak	DMA0_DriverIRQHandler
 422              		.thumb_set DMA0_DriverIRQHandler,IntDefaultHandler
 423              		.align	1
 424              		.weak	DMA0_IRQHandler
 425              		.syntax unified
 426              		.code	16
 427              		.thumb_func
 428              		.fpu softvfp
 430              	DMA0_IRQHandler:
 431              	.LFB9:
 407:../startup/startup_mkl25z4.c **** }
 408:../startup/startup_mkl25z4.c **** 
 409:../startup/startup_mkl25z4.c **** //*****************************************************************************
 410:../startup/startup_mkl25z4.c **** // Default application exception handlers. Override the ones here by defining
 411:../startup/startup_mkl25z4.c **** // your own handler routines in your application code. These routines call
 412:../startup/startup_mkl25z4.c **** // driver exception handlers or IntDefaultHandler() if no driver exception
 413:../startup/startup_mkl25z4.c **** // handler is included.
 414:../startup/startup_mkl25z4.c **** //*****************************************************************************
 415:../startup/startup_mkl25z4.c **** WEAK_AV void DMA0_IRQHandler(void)
 416:../startup/startup_mkl25z4.c **** {   DMA0_DriverIRQHandler();
 432              		.loc 1 416 1
 433              		.cfi_startproc
 434              		@ args = 0, pretend = 0, frame = 0
 435              		@ frame_needed = 0, uses_anonymous_args = 0
 436              		.loc 1 416 1
 437 000c 10B5     		push	{r4, lr}
 438              		.cfi_def_cfa_offset 8
 439              		.cfi_offset 4, -8
 440              		.cfi_offset 14, -4
 441              		.loc 1 416 5
 442 000e FFF7FEFF 		bl	DMA0_DriverIRQHandler
 417:../startup/startup_mkl25z4.c **** }
 443              		.loc 1 417 1
 444              		@ sp needed
 445 0012 10BD     		pop	{r4, pc}
 446              		.cfi_endproc
 447              	.LFE9:
 449              		.align	1
 450              		.weak	DMA1_IRQHandler
 451              		.syntax unified
 452              		.code	16
 453              		.thumb_func
 454              		.fpu softvfp
 456              	DMA1_IRQHandler:
 457              	.LFB10:
 418:../startup/startup_mkl25z4.c **** 
 419:../startup/startup_mkl25z4.c **** WEAK_AV void DMA1_IRQHandler(void)
 420:../startup/startup_mkl25z4.c **** {   DMA1_DriverIRQHandler();
 458              		.loc 1 420 1
 459              		.cfi_startproc
 460              		@ args = 0, pretend = 0, frame = 0
 461              		@ frame_needed = 0, uses_anonymous_args = 0
 462 0014 10B5     		push	{r4, lr}
 463              		.cfi_def_cfa_offset 8
 464              		.cfi_offset 4, -8
 465              		.cfi_offset 14, -4
 466              		.loc 1 420 5
 467 0016 FFF7FEFF 		bl	DMA1_DriverIRQHandler
 421:../startup/startup_mkl25z4.c **** }
 468              		.loc 1 421 1
 469              		@ sp needed
 470 001a 10BD     		pop	{r4, pc}
 471              		.cfi_endproc
 472              	.LFE10:
 474              		.align	1
 475              		.weak	DMA2_IRQHandler
 476              		.syntax unified
 477              		.code	16
 478              		.thumb_func
 479              		.fpu softvfp
 481              	DMA2_IRQHandler:
 482              	.LFB11:
 422:../startup/startup_mkl25z4.c **** 
 423:../startup/startup_mkl25z4.c **** WEAK_AV void DMA2_IRQHandler(void)
 424:../startup/startup_mkl25z4.c **** {   DMA2_DriverIRQHandler();
 483              		.loc 1 424 1
 484              		.cfi_startproc
 485              		@ args = 0, pretend = 0, frame = 0
 486              		@ frame_needed = 0, uses_anonymous_args = 0
 487 001c 10B5     		push	{r4, lr}
 488              		.cfi_def_cfa_offset 8
 489              		.cfi_offset 4, -8
 490              		.cfi_offset 14, -4
 491              		.loc 1 424 5
 492 001e FFF7FEFF 		bl	DMA2_DriverIRQHandler
 425:../startup/startup_mkl25z4.c **** }
 493              		.loc 1 425 1
 494              		@ sp needed
 495 0022 10BD     		pop	{r4, pc}
 496              		.cfi_endproc
 497              	.LFE11:
 499              		.align	1
 500              		.weak	DMA3_IRQHandler
 501              		.syntax unified
 502              		.code	16
 503              		.thumb_func
 504              		.fpu softvfp
 506              	DMA3_IRQHandler:
 507              	.LFB12:
 426:../startup/startup_mkl25z4.c **** 
 427:../startup/startup_mkl25z4.c **** WEAK_AV void DMA3_IRQHandler(void)
 428:../startup/startup_mkl25z4.c **** {   DMA3_DriverIRQHandler();
 508              		.loc 1 428 1
 509              		.cfi_startproc
 510              		@ args = 0, pretend = 0, frame = 0
 511              		@ frame_needed = 0, uses_anonymous_args = 0
 512 0024 10B5     		push	{r4, lr}
 513              		.cfi_def_cfa_offset 8
 514              		.cfi_offset 4, -8
 515              		.cfi_offset 14, -4
 516              		.loc 1 428 5
 517 0026 FFF7FEFF 		bl	DMA3_DriverIRQHandler
 429:../startup/startup_mkl25z4.c **** }
 518              		.loc 1 429 1
 519              		@ sp needed
 520 002a 10BD     		pop	{r4, pc}
 521              		.cfi_endproc
 522              	.LFE12:
 524              		.align	1
 525              		.weak	Reserved20_IRQHandler
 526              		.syntax unified
 527              		.code	16
 528              		.thumb_func
 529              		.fpu softvfp
 531              	Reserved20_IRQHandler:
 532              	.LFB13:
 430:../startup/startup_mkl25z4.c **** 
 431:../startup/startup_mkl25z4.c **** WEAK_AV void Reserved20_IRQHandler(void)
 432:../startup/startup_mkl25z4.c **** {   Reserved20_DriverIRQHandler();
 533              		.loc 1 432 1
 534              		.cfi_startproc
 535              		@ args = 0, pretend = 0, frame = 0
 536              		@ frame_needed = 0, uses_anonymous_args = 0
 537 002c 10B5     		push	{r4, lr}
 538              		.cfi_def_cfa_offset 8
 539              		.cfi_offset 4, -8
 540              		.cfi_offset 14, -4
 541              		.loc 1 432 5
 542 002e FFF7FEFF 		bl	Reserved20_DriverIRQHandler
 433:../startup/startup_mkl25z4.c **** }
 543              		.loc 1 433 1
 544              		@ sp needed
 545 0032 10BD     		pop	{r4, pc}
 546              		.cfi_endproc
 547              	.LFE13:
 549              		.align	1
 550              		.weak	FTFA_IRQHandler
 551              		.syntax unified
 552              		.code	16
 553              		.thumb_func
 554              		.fpu softvfp
 556              	FTFA_IRQHandler:
 557              	.LFB14:
 434:../startup/startup_mkl25z4.c **** 
 435:../startup/startup_mkl25z4.c **** WEAK_AV void FTFA_IRQHandler(void)
 436:../startup/startup_mkl25z4.c **** {   FTFA_DriverIRQHandler();
 558              		.loc 1 436 1
 559              		.cfi_startproc
 560              		@ args = 0, pretend = 0, frame = 0
 561              		@ frame_needed = 0, uses_anonymous_args = 0
 562 0034 10B5     		push	{r4, lr}
 563              		.cfi_def_cfa_offset 8
 564              		.cfi_offset 4, -8
 565              		.cfi_offset 14, -4
 566              		.loc 1 436 5
 567 0036 FFF7FEFF 		bl	FTFA_DriverIRQHandler
 437:../startup/startup_mkl25z4.c **** }
 568              		.loc 1 437 1
 569              		@ sp needed
 570 003a 10BD     		pop	{r4, pc}
 571              		.cfi_endproc
 572              	.LFE14:
 574              		.align	1
 575              		.weak	LVD_LVW_IRQHandler
 576              		.syntax unified
 577              		.code	16
 578              		.thumb_func
 579              		.fpu softvfp
 581              	LVD_LVW_IRQHandler:
 582              	.LFB15:
 438:../startup/startup_mkl25z4.c **** 
 439:../startup/startup_mkl25z4.c **** WEAK_AV void LVD_LVW_IRQHandler(void)
 440:../startup/startup_mkl25z4.c **** {   LVD_LVW_DriverIRQHandler();
 583              		.loc 1 440 1
 584              		.cfi_startproc
 585              		@ args = 0, pretend = 0, frame = 0
 586              		@ frame_needed = 0, uses_anonymous_args = 0
 587 003c 10B5     		push	{r4, lr}
 588              		.cfi_def_cfa_offset 8
 589              		.cfi_offset 4, -8
 590              		.cfi_offset 14, -4
 591              		.loc 1 440 5
 592 003e FFF7FEFF 		bl	LVD_LVW_DriverIRQHandler
 441:../startup/startup_mkl25z4.c **** }
 593              		.loc 1 441 1
 594              		@ sp needed
 595 0042 10BD     		pop	{r4, pc}
 596              		.cfi_endproc
 597              	.LFE15:
 599              		.align	1
 600              		.weak	LLWU_IRQHandler
 601              		.syntax unified
 602              		.code	16
 603              		.thumb_func
 604              		.fpu softvfp
 606              	LLWU_IRQHandler:
 607              	.LFB16:
 442:../startup/startup_mkl25z4.c **** 
 443:../startup/startup_mkl25z4.c **** WEAK_AV void LLWU_IRQHandler(void)
 444:../startup/startup_mkl25z4.c **** {   LLWU_DriverIRQHandler();
 608              		.loc 1 444 1
 609              		.cfi_startproc
 610              		@ args = 0, pretend = 0, frame = 0
 611              		@ frame_needed = 0, uses_anonymous_args = 0
 612 0044 10B5     		push	{r4, lr}
 613              		.cfi_def_cfa_offset 8
 614              		.cfi_offset 4, -8
 615              		.cfi_offset 14, -4
 616              		.loc 1 444 5
 617 0046 FFF7FEFF 		bl	LLWU_DriverIRQHandler
 445:../startup/startup_mkl25z4.c **** }
 618              		.loc 1 445 1
 619              		@ sp needed
 620 004a 10BD     		pop	{r4, pc}
 621              		.cfi_endproc
 622              	.LFE16:
 624              		.align	1
 625              		.weak	I2C0_IRQHandler
 626              		.syntax unified
 627              		.code	16
 628              		.thumb_func
 629              		.fpu softvfp
 631              	I2C0_IRQHandler:
 632              	.LFB17:
 446:../startup/startup_mkl25z4.c **** 
 447:../startup/startup_mkl25z4.c **** WEAK_AV void I2C0_IRQHandler(void)
 448:../startup/startup_mkl25z4.c **** {   I2C0_DriverIRQHandler();
 633              		.loc 1 448 1
 634              		.cfi_startproc
 635              		@ args = 0, pretend = 0, frame = 0
 636              		@ frame_needed = 0, uses_anonymous_args = 0
 637 004c 10B5     		push	{r4, lr}
 638              		.cfi_def_cfa_offset 8
 639              		.cfi_offset 4, -8
 640              		.cfi_offset 14, -4
 641              		.loc 1 448 5
 642 004e FFF7FEFF 		bl	I2C0_DriverIRQHandler
 449:../startup/startup_mkl25z4.c **** }
 643              		.loc 1 449 1
 644              		@ sp needed
 645 0052 10BD     		pop	{r4, pc}
 646              		.cfi_endproc
 647              	.LFE17:
 649              		.align	1
 650              		.weak	I2C1_IRQHandler
 651              		.syntax unified
 652              		.code	16
 653              		.thumb_func
 654              		.fpu softvfp
 656              	I2C1_IRQHandler:
 657              	.LFB18:
 450:../startup/startup_mkl25z4.c **** 
 451:../startup/startup_mkl25z4.c **** WEAK_AV void I2C1_IRQHandler(void)
 452:../startup/startup_mkl25z4.c **** {   I2C1_DriverIRQHandler();
 658              		.loc 1 452 1
 659              		.cfi_startproc
 660              		@ args = 0, pretend = 0, frame = 0
 661              		@ frame_needed = 0, uses_anonymous_args = 0
 662 0054 10B5     		push	{r4, lr}
 663              		.cfi_def_cfa_offset 8
 664              		.cfi_offset 4, -8
 665              		.cfi_offset 14, -4
 666              		.loc 1 452 5
 667 0056 FFF7FEFF 		bl	I2C1_DriverIRQHandler
 453:../startup/startup_mkl25z4.c **** }
 668              		.loc 1 453 1
 669              		@ sp needed
 670 005a 10BD     		pop	{r4, pc}
 671              		.cfi_endproc
 672              	.LFE18:
 674              		.align	1
 675              		.weak	SPI0_IRQHandler
 676              		.syntax unified
 677              		.code	16
 678              		.thumb_func
 679              		.fpu softvfp
 681              	SPI0_IRQHandler:
 682              	.LFB19:
 454:../startup/startup_mkl25z4.c **** 
 455:../startup/startup_mkl25z4.c **** WEAK_AV void SPI0_IRQHandler(void)
 456:../startup/startup_mkl25z4.c **** {   SPI0_DriverIRQHandler();
 683              		.loc 1 456 1
 684              		.cfi_startproc
 685              		@ args = 0, pretend = 0, frame = 0
 686              		@ frame_needed = 0, uses_anonymous_args = 0
 687 005c 10B5     		push	{r4, lr}
 688              		.cfi_def_cfa_offset 8
 689              		.cfi_offset 4, -8
 690              		.cfi_offset 14, -4
 691              		.loc 1 456 5
 692 005e FFF7FEFF 		bl	SPI0_DriverIRQHandler
 457:../startup/startup_mkl25z4.c **** }
 693              		.loc 1 457 1
 694              		@ sp needed
 695 0062 10BD     		pop	{r4, pc}
 696              		.cfi_endproc
 697              	.LFE19:
 699              		.align	1
 700              		.weak	SPI1_IRQHandler
 701              		.syntax unified
 702              		.code	16
 703              		.thumb_func
 704              		.fpu softvfp
 706              	SPI1_IRQHandler:
 707              	.LFB20:
 458:../startup/startup_mkl25z4.c **** 
 459:../startup/startup_mkl25z4.c **** WEAK_AV void SPI1_IRQHandler(void)
 460:../startup/startup_mkl25z4.c **** {   SPI1_DriverIRQHandler();
 708              		.loc 1 460 1
 709              		.cfi_startproc
 710              		@ args = 0, pretend = 0, frame = 0
 711              		@ frame_needed = 0, uses_anonymous_args = 0
 712 0064 10B5     		push	{r4, lr}
 713              		.cfi_def_cfa_offset 8
 714              		.cfi_offset 4, -8
 715              		.cfi_offset 14, -4
 716              		.loc 1 460 5
 717 0066 FFF7FEFF 		bl	SPI1_DriverIRQHandler
 461:../startup/startup_mkl25z4.c **** }
 718              		.loc 1 461 1
 719              		@ sp needed
 720 006a 10BD     		pop	{r4, pc}
 721              		.cfi_endproc
 722              	.LFE20:
 724              		.align	1
 725              		.weak	UART0_IRQHandler
 726              		.syntax unified
 727              		.code	16
 728              		.thumb_func
 729              		.fpu softvfp
 731              	UART0_IRQHandler:
 732              	.LFB21:
 462:../startup/startup_mkl25z4.c **** 
 463:../startup/startup_mkl25z4.c **** WEAK_AV void UART0_IRQHandler(void)
 464:../startup/startup_mkl25z4.c **** {   UART0_DriverIRQHandler();
 733              		.loc 1 464 1
 734              		.cfi_startproc
 735              		@ args = 0, pretend = 0, frame = 0
 736              		@ frame_needed = 0, uses_anonymous_args = 0
 737 006c 10B5     		push	{r4, lr}
 738              		.cfi_def_cfa_offset 8
 739              		.cfi_offset 4, -8
 740              		.cfi_offset 14, -4
 741              		.loc 1 464 5
 742 006e FFF7FEFF 		bl	UART0_DriverIRQHandler
 465:../startup/startup_mkl25z4.c **** }
 743              		.loc 1 465 1
 744              		@ sp needed
 745 0072 10BD     		pop	{r4, pc}
 746              		.cfi_endproc
 747              	.LFE21:
 749              		.align	1
 750              		.weak	UART1_IRQHandler
 751              		.syntax unified
 752              		.code	16
 753              		.thumb_func
 754              		.fpu softvfp
 756              	UART1_IRQHandler:
 757              	.LFB22:
 466:../startup/startup_mkl25z4.c **** 
 467:../startup/startup_mkl25z4.c **** WEAK_AV void UART1_IRQHandler(void)
 468:../startup/startup_mkl25z4.c **** {   UART1_DriverIRQHandler();
 758              		.loc 1 468 1
 759              		.cfi_startproc
 760              		@ args = 0, pretend = 0, frame = 0
 761              		@ frame_needed = 0, uses_anonymous_args = 0
 762 0074 10B5     		push	{r4, lr}
 763              		.cfi_def_cfa_offset 8
 764              		.cfi_offset 4, -8
 765              		.cfi_offset 14, -4
 766              		.loc 1 468 5
 767 0076 FFF7FEFF 		bl	UART1_DriverIRQHandler
 469:../startup/startup_mkl25z4.c **** }
 768              		.loc 1 469 1
 769              		@ sp needed
 770 007a 10BD     		pop	{r4, pc}
 771              		.cfi_endproc
 772              	.LFE22:
 774              		.align	1
 775              		.weak	UART2_IRQHandler
 776              		.syntax unified
 777              		.code	16
 778              		.thumb_func
 779              		.fpu softvfp
 781              	UART2_IRQHandler:
 782              	.LFB23:
 470:../startup/startup_mkl25z4.c **** 
 471:../startup/startup_mkl25z4.c **** WEAK_AV void UART2_IRQHandler(void)
 472:../startup/startup_mkl25z4.c **** {   UART2_DriverIRQHandler();
 783              		.loc 1 472 1
 784              		.cfi_startproc
 785              		@ args = 0, pretend = 0, frame = 0
 786              		@ frame_needed = 0, uses_anonymous_args = 0
 787 007c 10B5     		push	{r4, lr}
 788              		.cfi_def_cfa_offset 8
 789              		.cfi_offset 4, -8
 790              		.cfi_offset 14, -4
 791              		.loc 1 472 5
 792 007e FFF7FEFF 		bl	UART2_DriverIRQHandler
 473:../startup/startup_mkl25z4.c **** }
 793              		.loc 1 473 1
 794              		@ sp needed
 795 0082 10BD     		pop	{r4, pc}
 796              		.cfi_endproc
 797              	.LFE23:
 799              		.align	1
 800              		.weak	ADC0_IRQHandler
 801              		.syntax unified
 802              		.code	16
 803              		.thumb_func
 804              		.fpu softvfp
 806              	ADC0_IRQHandler:
 807              	.LFB24:
 474:../startup/startup_mkl25z4.c **** 
 475:../startup/startup_mkl25z4.c **** WEAK_AV void ADC0_IRQHandler(void)
 476:../startup/startup_mkl25z4.c **** {   ADC0_DriverIRQHandler();
 808              		.loc 1 476 1
 809              		.cfi_startproc
 810              		@ args = 0, pretend = 0, frame = 0
 811              		@ frame_needed = 0, uses_anonymous_args = 0
 812 0084 10B5     		push	{r4, lr}
 813              		.cfi_def_cfa_offset 8
 814              		.cfi_offset 4, -8
 815              		.cfi_offset 14, -4
 816              		.loc 1 476 5
 817 0086 FFF7FEFF 		bl	ADC0_DriverIRQHandler
 477:../startup/startup_mkl25z4.c **** }
 818              		.loc 1 477 1
 819              		@ sp needed
 820 008a 10BD     		pop	{r4, pc}
 821              		.cfi_endproc
 822              	.LFE24:
 824              		.align	1
 825              		.weak	CMP0_IRQHandler
 826              		.syntax unified
 827              		.code	16
 828              		.thumb_func
 829              		.fpu softvfp
 831              	CMP0_IRQHandler:
 832              	.LFB25:
 478:../startup/startup_mkl25z4.c **** 
 479:../startup/startup_mkl25z4.c **** WEAK_AV void CMP0_IRQHandler(void)
 480:../startup/startup_mkl25z4.c **** {   CMP0_DriverIRQHandler();
 833              		.loc 1 480 1
 834              		.cfi_startproc
 835              		@ args = 0, pretend = 0, frame = 0
 836              		@ frame_needed = 0, uses_anonymous_args = 0
 837 008c 10B5     		push	{r4, lr}
 838              		.cfi_def_cfa_offset 8
 839              		.cfi_offset 4, -8
 840              		.cfi_offset 14, -4
 841              		.loc 1 480 5
 842 008e FFF7FEFF 		bl	CMP0_DriverIRQHandler
 481:../startup/startup_mkl25z4.c **** }
 843              		.loc 1 481 1
 844              		@ sp needed
 845 0092 10BD     		pop	{r4, pc}
 846              		.cfi_endproc
 847              	.LFE25:
 849              		.align	1
 850              		.weak	TPM0_IRQHandler
 851              		.syntax unified
 852              		.code	16
 853              		.thumb_func
 854              		.fpu softvfp
 856              	TPM0_IRQHandler:
 857              	.LFB26:
 482:../startup/startup_mkl25z4.c **** 
 483:../startup/startup_mkl25z4.c **** WEAK_AV void TPM0_IRQHandler(void)
 484:../startup/startup_mkl25z4.c **** {   TPM0_DriverIRQHandler();
 858              		.loc 1 484 1
 859              		.cfi_startproc
 860              		@ args = 0, pretend = 0, frame = 0
 861              		@ frame_needed = 0, uses_anonymous_args = 0
 862 0094 10B5     		push	{r4, lr}
 863              		.cfi_def_cfa_offset 8
 864              		.cfi_offset 4, -8
 865              		.cfi_offset 14, -4
 866              		.loc 1 484 5
 867 0096 FFF7FEFF 		bl	TPM0_DriverIRQHandler
 485:../startup/startup_mkl25z4.c **** }
 868              		.loc 1 485 1
 869              		@ sp needed
 870 009a 10BD     		pop	{r4, pc}
 871              		.cfi_endproc
 872              	.LFE26:
 874              		.align	1
 875              		.weak	TPM1_IRQHandler
 876              		.syntax unified
 877              		.code	16
 878              		.thumb_func
 879              		.fpu softvfp
 881              	TPM1_IRQHandler:
 882              	.LFB27:
 486:../startup/startup_mkl25z4.c **** 
 487:../startup/startup_mkl25z4.c **** WEAK_AV void TPM1_IRQHandler(void)
 488:../startup/startup_mkl25z4.c **** {   TPM1_DriverIRQHandler();
 883              		.loc 1 488 1
 884              		.cfi_startproc
 885              		@ args = 0, pretend = 0, frame = 0
 886              		@ frame_needed = 0, uses_anonymous_args = 0
 887 009c 10B5     		push	{r4, lr}
 888              		.cfi_def_cfa_offset 8
 889              		.cfi_offset 4, -8
 890              		.cfi_offset 14, -4
 891              		.loc 1 488 5
 892 009e FFF7FEFF 		bl	TPM1_DriverIRQHandler
 489:../startup/startup_mkl25z4.c **** }
 893              		.loc 1 489 1
 894              		@ sp needed
 895 00a2 10BD     		pop	{r4, pc}
 896              		.cfi_endproc
 897              	.LFE27:
 899              		.align	1
 900              		.weak	TPM2_IRQHandler
 901              		.syntax unified
 902              		.code	16
 903              		.thumb_func
 904              		.fpu softvfp
 906              	TPM2_IRQHandler:
 907              	.LFB28:
 490:../startup/startup_mkl25z4.c **** 
 491:../startup/startup_mkl25z4.c **** WEAK_AV void TPM2_IRQHandler(void)
 492:../startup/startup_mkl25z4.c **** {   TPM2_DriverIRQHandler();
 908              		.loc 1 492 1
 909              		.cfi_startproc
 910              		@ args = 0, pretend = 0, frame = 0
 911              		@ frame_needed = 0, uses_anonymous_args = 0
 912 00a4 10B5     		push	{r4, lr}
 913              		.cfi_def_cfa_offset 8
 914              		.cfi_offset 4, -8
 915              		.cfi_offset 14, -4
 916              		.loc 1 492 5
 917 00a6 FFF7FEFF 		bl	TPM2_DriverIRQHandler
 493:../startup/startup_mkl25z4.c **** }
 918              		.loc 1 493 1
 919              		@ sp needed
 920 00aa 10BD     		pop	{r4, pc}
 921              		.cfi_endproc
 922              	.LFE28:
 924              		.align	1
 925              		.weak	RTC_IRQHandler
 926              		.syntax unified
 927              		.code	16
 928              		.thumb_func
 929              		.fpu softvfp
 931              	RTC_IRQHandler:
 932              	.LFB29:
 494:../startup/startup_mkl25z4.c **** 
 495:../startup/startup_mkl25z4.c **** WEAK_AV void RTC_IRQHandler(void)
 496:../startup/startup_mkl25z4.c **** {   RTC_DriverIRQHandler();
 933              		.loc 1 496 1
 934              		.cfi_startproc
 935              		@ args = 0, pretend = 0, frame = 0
 936              		@ frame_needed = 0, uses_anonymous_args = 0
 937 00ac 10B5     		push	{r4, lr}
 938              		.cfi_def_cfa_offset 8
 939              		.cfi_offset 4, -8
 940              		.cfi_offset 14, -4
 941              		.loc 1 496 5
 942 00ae FFF7FEFF 		bl	RTC_DriverIRQHandler
 497:../startup/startup_mkl25z4.c **** }
 943              		.loc 1 497 1
 944              		@ sp needed
 945 00b2 10BD     		pop	{r4, pc}
 946              		.cfi_endproc
 947              	.LFE29:
 949              		.align	1
 950              		.weak	RTC_Seconds_IRQHandler
 951              		.syntax unified
 952              		.code	16
 953              		.thumb_func
 954              		.fpu softvfp
 956              	RTC_Seconds_IRQHandler:
 957              	.LFB30:
 498:../startup/startup_mkl25z4.c **** 
 499:../startup/startup_mkl25z4.c **** WEAK_AV void RTC_Seconds_IRQHandler(void)
 500:../startup/startup_mkl25z4.c **** {   RTC_Seconds_DriverIRQHandler();
 958              		.loc 1 500 1
 959              		.cfi_startproc
 960              		@ args = 0, pretend = 0, frame = 0
 961              		@ frame_needed = 0, uses_anonymous_args = 0
 962 00b4 10B5     		push	{r4, lr}
 963              		.cfi_def_cfa_offset 8
 964              		.cfi_offset 4, -8
 965              		.cfi_offset 14, -4
 966              		.loc 1 500 5
 967 00b6 FFF7FEFF 		bl	RTC_Seconds_DriverIRQHandler
 501:../startup/startup_mkl25z4.c **** }
 968              		.loc 1 501 1
 969              		@ sp needed
 970 00ba 10BD     		pop	{r4, pc}
 971              		.cfi_endproc
 972              	.LFE30:
 974              		.align	1
 975              		.weak	PIT_IRQHandler
 976              		.syntax unified
 977              		.code	16
 978              		.thumb_func
 979              		.fpu softvfp
 981              	PIT_IRQHandler:
 982              	.LFB31:
 502:../startup/startup_mkl25z4.c **** 
 503:../startup/startup_mkl25z4.c **** WEAK_AV void PIT_IRQHandler(void)
 504:../startup/startup_mkl25z4.c **** {   PIT_DriverIRQHandler();
 983              		.loc 1 504 1
 984              		.cfi_startproc
 985              		@ args = 0, pretend = 0, frame = 0
 986              		@ frame_needed = 0, uses_anonymous_args = 0
 987 00bc 10B5     		push	{r4, lr}
 988              		.cfi_def_cfa_offset 8
 989              		.cfi_offset 4, -8
 990              		.cfi_offset 14, -4
 991              		.loc 1 504 5
 992 00be FFF7FEFF 		bl	PIT_DriverIRQHandler
 505:../startup/startup_mkl25z4.c **** }
 993              		.loc 1 505 1
 994              		@ sp needed
 995 00c2 10BD     		pop	{r4, pc}
 996              		.cfi_endproc
 997              	.LFE31:
 999              		.align	1
 1000              		.weak	Reserved39_IRQHandler
 1001              		.syntax unified
 1002              		.code	16
 1003              		.thumb_func
 1004              		.fpu softvfp
 1006              	Reserved39_IRQHandler:
 1007              	.LFB32:
 506:../startup/startup_mkl25z4.c **** 
 507:../startup/startup_mkl25z4.c **** WEAK_AV void Reserved39_IRQHandler(void)
 508:../startup/startup_mkl25z4.c **** {   Reserved39_DriverIRQHandler();
 1008              		.loc 1 508 1
 1009              		.cfi_startproc
 1010              		@ args = 0, pretend = 0, frame = 0
 1011              		@ frame_needed = 0, uses_anonymous_args = 0
 1012 00c4 10B5     		push	{r4, lr}
 1013              		.cfi_def_cfa_offset 8
 1014              		.cfi_offset 4, -8
 1015              		.cfi_offset 14, -4
 1016              		.loc 1 508 5
 1017 00c6 FFF7FEFF 		bl	Reserved39_DriverIRQHandler
 509:../startup/startup_mkl25z4.c **** }
 1018              		.loc 1 509 1
 1019              		@ sp needed
 1020 00ca 10BD     		pop	{r4, pc}
 1021              		.cfi_endproc
 1022              	.LFE32:
 1024              		.align	1
 1025              		.weak	USB0_IRQHandler
 1026              		.syntax unified
 1027              		.code	16
 1028              		.thumb_func
 1029              		.fpu softvfp
 1031              	USB0_IRQHandler:
 1032              	.LFB33:
 510:../startup/startup_mkl25z4.c **** 
 511:../startup/startup_mkl25z4.c **** WEAK_AV void USB0_IRQHandler(void)
 512:../startup/startup_mkl25z4.c **** {   USB0_DriverIRQHandler();
 1033              		.loc 1 512 1
 1034              		.cfi_startproc
 1035              		@ args = 0, pretend = 0, frame = 0
 1036              		@ frame_needed = 0, uses_anonymous_args = 0
 1037 00cc 10B5     		push	{r4, lr}
 1038              		.cfi_def_cfa_offset 8
 1039              		.cfi_offset 4, -8
 1040              		.cfi_offset 14, -4
 1041              		.loc 1 512 5
 1042 00ce FFF7FEFF 		bl	USB0_DriverIRQHandler
 513:../startup/startup_mkl25z4.c **** }
 1043              		.loc 1 513 1
 1044              		@ sp needed
 1045 00d2 10BD     		pop	{r4, pc}
 1046              		.cfi_endproc
 1047              	.LFE33:
 1049              		.align	1
 1050              		.weak	DAC0_IRQHandler
 1051              		.syntax unified
 1052              		.code	16
 1053              		.thumb_func
 1054              		.fpu softvfp
 1056              	DAC0_IRQHandler:
 1057              	.LFB34:
 514:../startup/startup_mkl25z4.c **** 
 515:../startup/startup_mkl25z4.c **** WEAK_AV void DAC0_IRQHandler(void)
 516:../startup/startup_mkl25z4.c **** {   DAC0_DriverIRQHandler();
 1058              		.loc 1 516 1
 1059              		.cfi_startproc
 1060              		@ args = 0, pretend = 0, frame = 0
 1061              		@ frame_needed = 0, uses_anonymous_args = 0
 1062 00d4 10B5     		push	{r4, lr}
 1063              		.cfi_def_cfa_offset 8
 1064              		.cfi_offset 4, -8
 1065              		.cfi_offset 14, -4
 1066              		.loc 1 516 5
 1067 00d6 FFF7FEFF 		bl	DAC0_DriverIRQHandler
 517:../startup/startup_mkl25z4.c **** }
 1068              		.loc 1 517 1
 1069              		@ sp needed
 1070 00da 10BD     		pop	{r4, pc}
 1071              		.cfi_endproc
 1072              	.LFE34:
 1074              		.align	1
 1075              		.weak	TSI0_IRQHandler
 1076              		.syntax unified
 1077              		.code	16
 1078              		.thumb_func
 1079              		.fpu softvfp
 1081              	TSI0_IRQHandler:
 1082              	.LFB35:
 518:../startup/startup_mkl25z4.c **** 
 519:../startup/startup_mkl25z4.c **** WEAK_AV void TSI0_IRQHandler(void)
 520:../startup/startup_mkl25z4.c **** {   TSI0_DriverIRQHandler();
 1083              		.loc 1 520 1
 1084              		.cfi_startproc
 1085              		@ args = 0, pretend = 0, frame = 0
 1086              		@ frame_needed = 0, uses_anonymous_args = 0
 1087 00dc 10B5     		push	{r4, lr}
 1088              		.cfi_def_cfa_offset 8
 1089              		.cfi_offset 4, -8
 1090              		.cfi_offset 14, -4
 1091              		.loc 1 520 5
 1092 00de FFF7FEFF 		bl	TSI0_DriverIRQHandler
 521:../startup/startup_mkl25z4.c **** }
 1093              		.loc 1 521 1
 1094              		@ sp needed
 1095 00e2 10BD     		pop	{r4, pc}
 1096              		.cfi_endproc
 1097              	.LFE35:
 1099              		.align	1
 1100              		.weak	MCG_IRQHandler
 1101              		.syntax unified
 1102              		.code	16
 1103              		.thumb_func
 1104              		.fpu softvfp
 1106              	MCG_IRQHandler:
 1107              	.LFB36:
 522:../startup/startup_mkl25z4.c **** 
 523:../startup/startup_mkl25z4.c **** WEAK_AV void MCG_IRQHandler(void)
 524:../startup/startup_mkl25z4.c **** {   MCG_DriverIRQHandler();
 1108              		.loc 1 524 1
 1109              		.cfi_startproc
 1110              		@ args = 0, pretend = 0, frame = 0
 1111              		@ frame_needed = 0, uses_anonymous_args = 0
 1112 00e4 10B5     		push	{r4, lr}
 1113              		.cfi_def_cfa_offset 8
 1114              		.cfi_offset 4, -8
 1115              		.cfi_offset 14, -4
 1116              		.loc 1 524 5
 1117 00e6 FFF7FEFF 		bl	MCG_DriverIRQHandler
 525:../startup/startup_mkl25z4.c **** }
 1118              		.loc 1 525 1
 1119              		@ sp needed
 1120 00ea 10BD     		pop	{r4, pc}
 1121              		.cfi_endproc
 1122              	.LFE36:
 1124              		.align	1
 1125              		.weak	LPTMR0_IRQHandler
 1126              		.syntax unified
 1127              		.code	16
 1128              		.thumb_func
 1129              		.fpu softvfp
 1131              	LPTMR0_IRQHandler:
 1132              	.LFB37:
 526:../startup/startup_mkl25z4.c **** 
 527:../startup/startup_mkl25z4.c **** WEAK_AV void LPTMR0_IRQHandler(void)
 528:../startup/startup_mkl25z4.c **** {   LPTMR0_DriverIRQHandler();
 1133              		.loc 1 528 1
 1134              		.cfi_startproc
 1135              		@ args = 0, pretend = 0, frame = 0
 1136              		@ frame_needed = 0, uses_anonymous_args = 0
 1137 00ec 10B5     		push	{r4, lr}
 1138              		.cfi_def_cfa_offset 8
 1139              		.cfi_offset 4, -8
 1140              		.cfi_offset 14, -4
 1141              		.loc 1 528 5
 1142 00ee FFF7FEFF 		bl	LPTMR0_DriverIRQHandler
 529:../startup/startup_mkl25z4.c **** }
 1143              		.loc 1 529 1
 1144              		@ sp needed
 1145 00f2 10BD     		pop	{r4, pc}
 1146              		.cfi_endproc
 1147              	.LFE37:
 1149              		.align	1
 1150              		.weak	Reserved45_IRQHandler
 1151              		.syntax unified
 1152              		.code	16
 1153              		.thumb_func
 1154              		.fpu softvfp
 1156              	Reserved45_IRQHandler:
 1157              	.LFB38:
 530:../startup/startup_mkl25z4.c **** 
 531:../startup/startup_mkl25z4.c **** WEAK_AV void Reserved45_IRQHandler(void)
 532:../startup/startup_mkl25z4.c **** {   Reserved45_DriverIRQHandler();
 1158              		.loc 1 532 1
 1159              		.cfi_startproc
 1160              		@ args = 0, pretend = 0, frame = 0
 1161              		@ frame_needed = 0, uses_anonymous_args = 0
 1162 00f4 10B5     		push	{r4, lr}
 1163              		.cfi_def_cfa_offset 8
 1164              		.cfi_offset 4, -8
 1165              		.cfi_offset 14, -4
 1166              		.loc 1 532 5
 1167 00f6 FFF7FEFF 		bl	Reserved45_DriverIRQHandler
 533:../startup/startup_mkl25z4.c **** }
 1168              		.loc 1 533 1
 1169              		@ sp needed
 1170 00fa 10BD     		pop	{r4, pc}
 1171              		.cfi_endproc
 1172              	.LFE38:
 1174              		.align	1
 1175              		.weak	PORTA_IRQHandler
 1176              		.syntax unified
 1177              		.code	16
 1178              		.thumb_func
 1179              		.fpu softvfp
 1181              	PORTA_IRQHandler:
 1182              	.LFB39:
 534:../startup/startup_mkl25z4.c **** 
 535:../startup/startup_mkl25z4.c **** WEAK_AV void PORTA_IRQHandler(void)
 536:../startup/startup_mkl25z4.c **** {   PORTA_DriverIRQHandler();
 1183              		.loc 1 536 1
 1184              		.cfi_startproc
 1185              		@ args = 0, pretend = 0, frame = 0
 1186              		@ frame_needed = 0, uses_anonymous_args = 0
 1187 00fc 10B5     		push	{r4, lr}
 1188              		.cfi_def_cfa_offset 8
 1189              		.cfi_offset 4, -8
 1190              		.cfi_offset 14, -4
 1191              		.loc 1 536 5
 1192 00fe FFF7FEFF 		bl	PORTA_DriverIRQHandler
 537:../startup/startup_mkl25z4.c **** }
 1193              		.loc 1 537 1
 1194              		@ sp needed
 1195 0102 10BD     		pop	{r4, pc}
 1196              		.cfi_endproc
 1197              	.LFE39:
 1199              		.align	1
 1200              		.weak	PORTD_IRQHandler
 1201              		.syntax unified
 1202              		.code	16
 1203              		.thumb_func
 1204              		.fpu softvfp
 1206              	PORTD_IRQHandler:
 1207              	.LFB40:
 538:../startup/startup_mkl25z4.c **** 
 539:../startup/startup_mkl25z4.c **** WEAK_AV void PORTD_IRQHandler(void)
 540:../startup/startup_mkl25z4.c **** {   PORTD_DriverIRQHandler();
 1208              		.loc 1 540 1
 1209              		.cfi_startproc
 1210              		@ args = 0, pretend = 0, frame = 0
 1211              		@ frame_needed = 0, uses_anonymous_args = 0
 1212 0104 10B5     		push	{r4, lr}
 1213              		.cfi_def_cfa_offset 8
 1214              		.cfi_offset 4, -8
 1215              		.cfi_offset 14, -4
 1216              		.loc 1 540 5
 1217 0106 FFF7FEFF 		bl	PORTD_DriverIRQHandler
 541:../startup/startup_mkl25z4.c **** }
 1218              		.loc 1 541 1
 1219              		@ sp needed
 1220 010a 10BD     		pop	{r4, pc}
 1221              		.cfi_endproc
 1222              	.LFE40:
 1224              		.text
 1225              	.Letext0:
DEFINED SYMBOLS
                            *ABS*:0000000000000000 startup_mkl25z4.c
     /tmp/cc9r43U1.s:20     .FlashConfig:0000000000000000 Flash_Config
     /tmp/cc9r43U1.s:17     .FlashConfig:0000000000000000 $d
     /tmp/cc9r43U1.s:30     .isr_vector:0000000000000000 g_pfnVectors
     /tmp/cc9r43U1.s:27     .isr_vector:0000000000000000 $d
     /tmp/cc9r43U1.s:163    .after_vectors.reset:0000000000000000 ResetISR
     /tmp/cc9r43U1.s:251    .after_vectors:0000000000000000 NMI_Handler
     /tmp/cc9r43U1.s:270    .after_vectors:0000000000000002 HardFault_Handler
     /tmp/cc9r43U1.s:289    .after_vectors:0000000000000004 SVC_Handler
     /tmp/cc9r43U1.s:308    .after_vectors:0000000000000006 PendSV_Handler
     /tmp/cc9r43U1.s:327    .after_vectors:0000000000000008 SysTick_Handler
     /tmp/cc9r43U1.s:430    .after_vectors:000000000000000c DMA0_IRQHandler
     /tmp/cc9r43U1.s:456    .after_vectors:0000000000000014 DMA1_IRQHandler
     /tmp/cc9r43U1.s:481    .after_vectors:000000000000001c DMA2_IRQHandler
     /tmp/cc9r43U1.s:506    .after_vectors:0000000000000024 DMA3_IRQHandler
     /tmp/cc9r43U1.s:531    .after_vectors:000000000000002c Reserved20_IRQHandler
     /tmp/cc9r43U1.s:556    .after_vectors:0000000000000034 FTFA_IRQHandler
     /tmp/cc9r43U1.s:581    .after_vectors:000000000000003c LVD_LVW_IRQHandler
     /tmp/cc9r43U1.s:606    .after_vectors:0000000000000044 LLWU_IRQHandler
     /tmp/cc9r43U1.s:631    .after_vectors:000000000000004c I2C0_IRQHandler
     /tmp/cc9r43U1.s:656    .after_vectors:0000000000000054 I2C1_IRQHandler
     /tmp/cc9r43U1.s:681    .after_vectors:000000000000005c SPI0_IRQHandler
     /tmp/cc9r43U1.s:706    .after_vectors:0000000000000064 SPI1_IRQHandler
     /tmp/cc9r43U1.s:731    .after_vectors:000000000000006c UART0_IRQHandler
     /tmp/cc9r43U1.s:756    .after_vectors:0000000000000074 UART1_IRQHandler
     /tmp/cc9r43U1.s:781    .after_vectors:000000000000007c UART2_IRQHandler
     /tmp/cc9r43U1.s:806    .after_vectors:0000000000000084 ADC0_IRQHandler
     /tmp/cc9r43U1.s:831    .after_vectors:000000000000008c CMP0_IRQHandler
     /tmp/cc9r43U1.s:856    .after_vectors:0000000000000094 TPM0_IRQHandler
     /tmp/cc9r43U1.s:881    .after_vectors:000000000000009c TPM1_IRQHandler
     /tmp/cc9r43U1.s:906    .after_vectors:00000000000000a4 TPM2_IRQHandler
     /tmp/cc9r43U1.s:931    .after_vectors:00000000000000ac RTC_IRQHandler
     /tmp/cc9r43U1.s:956    .after_vectors:00000000000000b4 RTC_Seconds_IRQHandler
     /tmp/cc9r43U1.s:981    .after_vectors:00000000000000bc PIT_IRQHandler
     /tmp/cc9r43U1.s:1006   .after_vectors:00000000000000c4 Reserved39_IRQHandler
     /tmp/cc9r43U1.s:1031   .after_vectors:00000000000000cc USB0_IRQHandler
     /tmp/cc9r43U1.s:1056   .after_vectors:00000000000000d4 DAC0_IRQHandler
     /tmp/cc9r43U1.s:1081   .after_vectors:00000000000000dc TSI0_IRQHandler
     /tmp/cc9r43U1.s:1106   .after_vectors:00000000000000e4 MCG_IRQHandler
     /tmp/cc9r43U1.s:1131   .after_vectors:00000000000000ec LPTMR0_IRQHandler
     /tmp/cc9r43U1.s:1156   .after_vectors:00000000000000f4 Reserved45_IRQHandler
     /tmp/cc9r43U1.s:1181   .after_vectors:00000000000000fc PORTA_IRQHandler
     /tmp/cc9r43U1.s:1206   .after_vectors:0000000000000104 PORTD_IRQHandler
     /tmp/cc9r43U1.s:30     .isr_vector:0000000000000000 __Vectors
     /tmp/cc9r43U1.s:82     .after_vectors.init_data:0000000000000000 $t
     /tmp/cc9r43U1.s:90     .after_vectors.init_data:0000000000000000 data_init
     /tmp/cc9r43U1.s:122    .after_vectors.init_bss:0000000000000000 $t
     /tmp/cc9r43U1.s:129    .after_vectors.init_bss:0000000000000000 bss_init
     /tmp/cc9r43U1.s:156    .after_vectors.reset:0000000000000000 $t
     /tmp/cc9r43U1.s:237    .after_vectors.reset:0000000000000040 $d
     /tmp/cc9r43U1.s:244    .after_vectors:0000000000000000 $t
     /tmp/cc9r43U1.s:346    .after_vectors:000000000000000a IntDefaultHandler
     /tmp/cc9r43U1.s:346    .after_vectors:000000000000000a PORTD_DriverIRQHandler
     /tmp/cc9r43U1.s:346    .after_vectors:000000000000000a PORTA_DriverIRQHandler
     /tmp/cc9r43U1.s:346    .after_vectors:000000000000000a Reserved45_DriverIRQHandler
     /tmp/cc9r43U1.s:346    .after_vectors:000000000000000a LPTMR0_DriverIRQHandler
     /tmp/cc9r43U1.s:346    .after_vectors:000000000000000a MCG_DriverIRQHandler
     /tmp/cc9r43U1.s:346    .after_vectors:000000000000000a TSI0_DriverIRQHandler
     /tmp/cc9r43U1.s:346    .after_vectors:000000000000000a DAC0_DriverIRQHandler
     /tmp/cc9r43U1.s:346    .after_vectors:000000000000000a USB0_DriverIRQHandler
     /tmp/cc9r43U1.s:346    .after_vectors:000000000000000a Reserved39_DriverIRQHandler
     /tmp/cc9r43U1.s:346    .after_vectors:000000000000000a PIT_DriverIRQHandler
     /tmp/cc9r43U1.s:346    .after_vectors:000000000000000a RTC_Seconds_DriverIRQHandler
     /tmp/cc9r43U1.s:346    .after_vectors:000000000000000a RTC_DriverIRQHandler
     /tmp/cc9r43U1.s:346    .after_vectors:000000000000000a TPM2_DriverIRQHandler
     /tmp/cc9r43U1.s:346    .after_vectors:000000000000000a TPM1_DriverIRQHandler
     /tmp/cc9r43U1.s:346    .after_vectors:000000000000000a TPM0_DriverIRQHandler
     /tmp/cc9r43U1.s:346    .after_vectors:000000000000000a CMP0_DriverIRQHandler
     /tmp/cc9r43U1.s:346    .after_vectors:000000000000000a ADC0_DriverIRQHandler
     /tmp/cc9r43U1.s:346    .after_vectors:000000000000000a UART2_DriverIRQHandler
     /tmp/cc9r43U1.s:346    .after_vectors:000000000000000a UART1_DriverIRQHandler
     /tmp/cc9r43U1.s:346    .after_vectors:000000000000000a UART0_DriverIRQHandler
     /tmp/cc9r43U1.s:346    .after_vectors:000000000000000a SPI1_DriverIRQHandler
     /tmp/cc9r43U1.s:346    .after_vectors:000000000000000a SPI0_DriverIRQHandler
     /tmp/cc9r43U1.s:346    .after_vectors:000000000000000a I2C1_DriverIRQHandler
     /tmp/cc9r43U1.s:346    .after_vectors:000000000000000a I2C0_DriverIRQHandler
     /tmp/cc9r43U1.s:346    .after_vectors:000000000000000a LLWU_DriverIRQHandler
     /tmp/cc9r43U1.s:346    .after_vectors:000000000000000a LVD_LVW_DriverIRQHandler
     /tmp/cc9r43U1.s:346    .after_vectors:000000000000000a FTFA_DriverIRQHandler
     /tmp/cc9r43U1.s:346    .after_vectors:000000000000000a Reserved20_DriverIRQHandler
     /tmp/cc9r43U1.s:346    .after_vectors:000000000000000a DMA3_DriverIRQHandler
     /tmp/cc9r43U1.s:346    .after_vectors:000000000000000a DMA2_DriverIRQHandler
     /tmp/cc9r43U1.s:346    .after_vectors:000000000000000a DMA1_DriverIRQHandler
     /tmp/cc9r43U1.s:346    .after_vectors:000000000000000a DMA0_DriverIRQHandler
                           .group:0000000000000000 wm4.0.b17fa403cb9718989e7a4b461e73e1c9

UNDEFINED SYMBOLS
_vStackTop
SystemInit
__main
__data_section_table
__data_section_table_end
__bss_section_table_end
