   1              		.cpu cortex-m0plus
   2              		.eabi_attribute 20, 1
   3              		.eabi_attribute 21, 1
   4              		.eabi_attribute 23, 3
   5              		.eabi_attribute 24, 1
   6              		.eabi_attribute 25, 1
   7              		.eabi_attribute 26, 1
   8              		.eabi_attribute 30, 6
   9              		.eabi_attribute 34, 0
  10              		.eabi_attribute 18, 4
  11              		.file	"peripherals.c"
  12              		.text
  13              	.Ltext0:
  14              		.cfi_sections	.debug_frame
  15              		.section	.text.BOARD_InitBootPeripherals,"ax",%progbits
  16              		.align	1
  17              		.global	BOARD_InitBootPeripherals
  18              		.arch armv6s-m
  19              		.syntax unified
  20              		.code	16
  21              		.thumb_func
  22              		.fpu softvfp
  24              	BOARD_InitBootPeripherals:
  25              	.LFB0:
  26              		.file 1 "../board/peripherals.c"
   1:../board/peripherals.c **** /*
   2:../board/peripherals.c ****  * Copyright 2017-2020 NXP
   3:../board/peripherals.c ****  * All rights reserved.
   4:../board/peripherals.c ****  *
   5:../board/peripherals.c ****  * Redistribution and use in source and binary forms, with or without modification,
   6:../board/peripherals.c ****  * are permitted provided that the following conditions are met:
   7:../board/peripherals.c ****  *
   8:../board/peripherals.c ****  * o Redistributions of source code must retain the above copyright notice, this list
   9:../board/peripherals.c ****  *   of conditions and the following disclaimer.
  10:../board/peripherals.c ****  *
  11:../board/peripherals.c ****  * o Redistributions in binary form must reproduce the above copyright notice, this
  12:../board/peripherals.c ****  *   list of conditions and the following disclaimer in the documentation and/or
  13:../board/peripherals.c ****  *   other materials provided with the distribution.
  14:../board/peripherals.c ****  *
  15:../board/peripherals.c ****  * o Neither the name of NXP Semiconductor, Inc. nor the names of its
  16:../board/peripherals.c ****  *   contributors may be used to endorse or promote products derived from this
  17:../board/peripherals.c ****  *   software without specific prior written permission.
  18:../board/peripherals.c ****  *
  19:../board/peripherals.c ****  * THIS SOFTWARE IS PROVIDED BY THE COPYRIGHT HOLDERS AND CONTRIBUTORS "AS IS" AND
  20:../board/peripherals.c ****  * ANY EXPRESS OR IMPLIED WARRANTIES, INCLUDING, BUT NOT LIMITED TO, THE IMPLIED
  21:../board/peripherals.c ****  * WARRANTIES OF MERCHANTABILITY AND FITNESS FOR A PARTICULAR PURPOSE ARE
  22:../board/peripherals.c ****  * DISCLAIMED. IN NO EVENT SHALL THE COPYRIGHT HOLDER OR CONTRIBUTORS BE LIABLE FOR
  23:../board/peripherals.c ****  * ANY DIRECT, INDIRECT, INCIDENTAL, SPECIAL, EXEMPLARY, OR CONSEQUENTIAL DAMAGES
  24:../board/peripherals.c ****  * (INCLUDING, BUT NOT LIMITED TO, PROCUREMENT OF SUBSTITUTE GOODS OR SERVICES;
  25:../board/peripherals.c ****  * LOSS OF USE, DATA, OR PROFITS; OR BUSINESS INTERRUPTION) HOWEVER CAUSED AND ON
  26:../board/peripherals.c ****  * ANY THEORY OF LIABILITY, WHETHER IN CONTRACT, STRICT LIABILITY, OR TORT
  27:../board/peripherals.c ****  * (INCLUDING NEGLIGENCE OR OTHERWISE) ARISING IN ANY WAY OUT OF THE USE OF THIS
  28:../board/peripherals.c ****  * SOFTWARE, EVEN IF ADVISED OF THE POSSIBILITY OF SUCH DAMAGE.
  29:../board/peripherals.c ****  */
  30:../board/peripherals.c **** 
  31:../board/peripherals.c **** /* TEXT BELOW IS USED AS SETTING FOR TOOLS *************************************
  32:../board/peripherals.c **** !!GlobalInfo
  33:../board/peripherals.c **** product: Peripherals v1.0
  34:../board/peripherals.c **** * BE CAREFUL MODIFYING THIS COMMENT - IT IS YAML SETTINGS FOR TOOLS **********/
  35:../board/peripherals.c **** 
  36:../board/peripherals.c **** /**
  37:../board/peripherals.c ****  * @file    peripherals.c
  38:../board/peripherals.c ****  * @brief   Peripherals initialization file.
  39:../board/peripherals.c ****  */
  40:../board/peripherals.c ****  
  41:../board/peripherals.c **** /* This is a template for board specific configuration created by MCUXpresso IDE Project Wizard.*/
  42:../board/peripherals.c **** 
  43:../board/peripherals.c **** #include "peripherals.h"
  44:../board/peripherals.c **** 
  45:../board/peripherals.c **** /**
  46:../board/peripherals.c ****  * @brief Set up and initialize all required blocks and functions related to the peripherals hardwa
  47:../board/peripherals.c ****  */
  48:../board/peripherals.c **** void BOARD_InitBootPeripherals(void) {
  27              		.loc 1 48 38
  28              		.cfi_startproc
  29              		@ args = 0, pretend = 0, frame = 0
  30              		@ frame_needed = 1, uses_anonymous_args = 0
  31 0000 80B5     		push	{r7, lr}
  32              		.cfi_def_cfa_offset 8
  33              		.cfi_offset 7, -8
  34              		.cfi_offset 14, -4
  35 0002 00AF     		add	r7, sp, #0
  36              		.cfi_def_cfa_register 7
  49:../board/peripherals.c **** 	/* The user initialization should be placed here */
  50:../board/peripherals.c **** }
  37              		.loc 1 50 1
  38 0004 C046     		nop
  39 0006 BD46     		mov	sp, r7
  40              		@ sp needed
  41 0008 80BD     		pop	{r7, pc}
  42              		.cfi_endproc
  43              	.LFE0:
  45              		.text
  46              	.Letext0:
DEFINED SYMBOLS
                            *ABS*:0000000000000000 peripherals.c
     /tmp/cccQMI5V.s:16     .text.BOARD_InitBootPeripherals:0000000000000000 $t
     /tmp/cccQMI5V.s:24     .text.BOARD_InitBootPeripherals:0000000000000000 BOARD_InitBootPeripherals
                           .group:0000000000000000 wm4.0.b17fa403cb9718989e7a4b461e73e1c9

NO UNDEFINED SYMBOLS
