   1              		.cpu cortex-m0plus
   2              		.eabi_attribute 20, 1
   3              		.eabi_attribute 21, 1
   4              		.eabi_attribute 23, 3
   5              		.eabi_attribute 24, 1
   6              		.eabi_attribute 25, 1
   7              		.eabi_attribute 26, 1
   8              		.eabi_attribute 30, 6
   9              		.eabi_attribute 34, 0
  10              		.eabi_attribute 18, 4
  11              		.file	"led.c"
  12              		.text
  13              	.Ltext0:
  14              		.cfi_sections	.debug_frame
  15              		.section	.rodata.delayTimes,"a"
  16              		.align	2
  19              	delayTimes:
  20 0000 F4010000 		.word	500
  21 0004 E8030000 		.word	1000
  22 0008 D0070000 		.word	2000
  23 000c B80B0000 		.word	3000
  24              		.section	.rodata.delayLoopUp,"a"
  25              		.align	2
  28              	delayLoopUp:
  29 0000 B4C40400 		.word	312500
  30 0004 68890900 		.word	625000
  31 0008 A0BB0D00 		.word	900000
  32 000c 804F1200 		.word	1200000
  33              		.section	.rodata.delay100MSECLoopUp,"a"
  34              		.align	2
  37              	delay100MSECLoopUp:
  38 0000 24F40000 		.word	62500
  39 0004 24F40000 		.word	62500
  40 0008 409C0000 		.word	40000
  41 000c 16160500 		.word	333334
  42              		.section	.rodata.LED_Init.str1.4,"aMS",%progbits,1
  43              		.align	2
  44              	.LC0:
  45 0000 0A0D2045 		.ascii	"\012\015 Enabling Clock for PortB and PortD\000"
  45      6E61626C 
  45      696E6720 
  45      436C6F63 
  45      6B20666F 
  46 0026 0000     		.align	2
  47              	.LC2:
  48 0028 0A0D2053 		.ascii	"\012\015 Setting the Pins to be used as GPIO \000"
  48      65747469 
  48      6E672074 
  48      68652050 
  48      696E7320 
  49              		.align	2
  50              	.LC4:
  51 0050 0A0D2053 		.ascii	"\012\015 Setting the Pin direction to OUTPUT\000"
  51      65747469 
  51      6E672074 
  51      68652050 
  51      696E2064 
  52 0077 00       		.align	2
  53              	.LC6:
  54 0078 0A0D204C 		.ascii	"\012\015 LED Initialization Successful\000"
  54      45442049 
  54      6E697469 
  54      616C697A 
  54      6174696F 
  55              		.section	.text.LED_Init,"ax",%progbits
  56              		.align	1
  57              		.global	LED_Init
  58              		.arch armv6s-m
  59              		.syntax unified
  60              		.code	16
  61              		.thumb_func
  62              		.fpu softvfp
  64              	LED_Init:
  65              	.LFB56:
  66              		.file 1 "../source/led.c"
   1:../source/led.c **** /*
   2:../source/led.c ****  * led.c
   3:../source/led.c ****  *
   4:../source/led.c ****  *  Created on: Sep 19, 2020
   5:../source/led.c ****  *      Author: Arpit Savarkar (arpit.savarkar@colorado.edu)
   6:../source/led.c ****  */
   7:../source/led.c **** 
   8:../source/led.c **** 
   9:../source/led.c **** #include "led.h"
  10:../source/led.c **** 
  11:../source/led.c **** 
  12:../source/led.c **** /**
  13:../source/led.c **** ​ * ​ ​ @brief​ ​ Initializes the GPIO Ports and Clock Gating and Direction of Pins
  14:../source/led.c ****  *
  15:../source/led.c **** ​ * ​ ​ @param​ ​ void
  16:../source/led.c **** ​ *
  17:../source/led.c **** ​ * ​ ​ @return​ ​ void
  18:../source/led.c **** ​ */
  19:../source/led.c **** void LED_Init(void) {
  67              		.loc 1 19 21
  68              		.cfi_startproc
  69              		@ args = 0, pretend = 0, frame = 0
  70              		@ frame_needed = 1, uses_anonymous_args = 0
  71 0000 80B5     		push	{r7, lr}
  72              		.cfi_def_cfa_offset 8
  73              		.cfi_offset 7, -8
  74              		.cfi_offset 14, -4
  75 0002 00AF     		add	r7, sp, #0
  76              		.cfi_def_cfa_register 7
  20:../source/led.c **** 
  21:../source/led.c **** #ifdef DEBUG
  22:../source/led.c **** 	PRINTF("\n\r Enabling Clock for PortB and PortD");
  77              		.loc 1 22 2
  78 0004 274B     		ldr	r3, .L2
  79 0006 1800     		movs	r0, r3
  80 0008 FFF7FEFF 		bl	DbgConsole_Printf
  23:../source/led.c **** #endif
  24:../source/led.c **** 	// Clock Signal is required to Enable Ports
  25:../source/led.c **** 	SIM->SCGC5 |= SIM_SCGC5_PORTB_MASK | SIM_SCGC5_PORTD_MASK;
  81              		.loc 1 25 13
  82 000c 264A     		ldr	r2, .L2+4
  83 000e 274B     		ldr	r3, .L2+8
  84 0010 D358     		ldr	r3, [r2, r3]
  85 0012 2549     		ldr	r1, .L2+4
  86 0014 A022     		movs	r2, #160
  87 0016 5201     		lsls	r2, r2, #5
  88 0018 1343     		orrs	r3, r2
  89 001a 244A     		ldr	r2, .L2+8
  90 001c 8B50     		str	r3, [r1, r2]
  26:../source/led.c **** 
  27:../source/led.c **** 	/* Setting the required pins as GPIO Pins */
  28:../source/led.c **** #ifdef DEBUG
  29:../source/led.c **** 	PRINTF("\n\r Setting the Pins to be used as GPIO ");
  91              		.loc 1 29 2
  92 001e 244B     		ldr	r3, .L2+12
  93 0020 1800     		movs	r0, r3
  94 0022 FFF7FEFF 		bl	DbgConsole_Printf
  30:../source/led.c **** #endif
  31:../source/led.c **** 	// Red
  32:../source/led.c **** 	PORTB->PCR[RED_LED_PIN_POS] &= ~PORT_PCR_MUX_MASK;
  95              		.loc 1 32 30
  96 0026 234B     		ldr	r3, .L2+16
  97 0028 9A6C     		ldr	r2, [r3, #72]
  98 002a 224B     		ldr	r3, .L2+16
  99 002c 2249     		ldr	r1, .L2+20
 100 002e 0A40     		ands	r2, r1
 101 0030 9A64     		str	r2, [r3, #72]
  33:../source/led.c **** 	PORTB->PCR[RED_LED_PIN_POS] |= PORT_PCR_MUX(1);
 102              		.loc 1 33 30
 103 0032 204B     		ldr	r3, .L2+16
 104 0034 9A6C     		ldr	r2, [r3, #72]
 105 0036 1F4B     		ldr	r3, .L2+16
 106 0038 8021     		movs	r1, #128
 107 003a 4900     		lsls	r1, r1, #1
 108 003c 0A43     		orrs	r2, r1
 109 003e 9A64     		str	r2, [r3, #72]
  34:../source/led.c **** 
  35:../source/led.c **** 	// Green
  36:../source/led.c **** 	PORTB->PCR[GREEN_LED_PIN_POS] &= ~PORT_PCR_MUX_MASK;
 110              		.loc 1 36 32
 111 0040 1C4B     		ldr	r3, .L2+16
 112 0042 DA6C     		ldr	r2, [r3, #76]
 113 0044 1B4B     		ldr	r3, .L2+16
 114 0046 1C49     		ldr	r1, .L2+20
 115 0048 0A40     		ands	r2, r1
 116 004a DA64     		str	r2, [r3, #76]
  37:../source/led.c **** 	PORTB->PCR[GREEN_LED_PIN_POS] |= PORT_PCR_MUX(1);
 117              		.loc 1 37 32
 118 004c 194B     		ldr	r3, .L2+16
 119 004e DA6C     		ldr	r2, [r3, #76]
 120 0050 184B     		ldr	r3, .L2+16
 121 0052 8021     		movs	r1, #128
 122 0054 4900     		lsls	r1, r1, #1
 123 0056 0A43     		orrs	r2, r1
 124 0058 DA64     		str	r2, [r3, #76]
  38:../source/led.c **** 
  39:../source/led.c **** 	//Blue
  40:../source/led.c **** 	PORTD->PCR[BLUE_LED_PIN_POS] &= ~PORT_PCR_MUX_MASK;
 125              		.loc 1 40 31
 126 005a 184B     		ldr	r3, .L2+24
 127 005c 5A68     		ldr	r2, [r3, #4]
 128 005e 174B     		ldr	r3, .L2+24
 129 0060 1549     		ldr	r1, .L2+20
 130 0062 0A40     		ands	r2, r1
 131 0064 5A60     		str	r2, [r3, #4]
  41:../source/led.c **** 	PORTD->PCR[BLUE_LED_PIN_POS] |= PORT_PCR_MUX(1);
 132              		.loc 1 41 31
 133 0066 154B     		ldr	r3, .L2+24
 134 0068 5A68     		ldr	r2, [r3, #4]
 135 006a 144B     		ldr	r3, .L2+24
 136 006c 8021     		movs	r1, #128
 137 006e 4900     		lsls	r1, r1, #1
 138 0070 0A43     		orrs	r2, r1
 139 0072 5A60     		str	r2, [r3, #4]
  42:../source/led.c **** 
  43:../source/led.c **** #ifdef DEBUG
  44:../source/led.c **** 	PRINTF("\n\r Setting the Pin direction to OUTPUT");
 140              		.loc 1 44 2
 141 0074 124B     		ldr	r3, .L2+28
 142 0076 1800     		movs	r0, r3
 143 0078 FFF7FEFF 		bl	DbgConsole_Printf
  45:../source/led.c **** #endif
  46:../source/led.c **** 	/* Pin Direction to Set as Output 	*/
  47:../source/led.c **** 	PTB->PDDR |= MASK(RED_LED_PIN_POS) | MASK(GREEN_LED_PIN_POS);
 144              		.loc 1 47 12
 145 007c 114B     		ldr	r3, .L2+32
 146 007e 5A69     		ldr	r2, [r3, #20]
 147 0080 104B     		ldr	r3, .L2+32
 148 0082 C021     		movs	r1, #192
 149 0084 0903     		lsls	r1, r1, #12
 150 0086 0A43     		orrs	r2, r1
 151 0088 5A61     		str	r2, [r3, #20]
  48:../source/led.c **** 	PTD->PDDR |= MASK(BLUE_LED_PIN_POS);
 152              		.loc 1 48 12
 153 008a 0F4B     		ldr	r3, .L2+36
 154 008c 5A69     		ldr	r2, [r3, #20]
 155 008e 0E4B     		ldr	r3, .L2+36
 156 0090 0221     		movs	r1, #2
 157 0092 0A43     		orrs	r2, r1
 158 0094 5A61     		str	r2, [r3, #20]
  49:../source/led.c **** 
  50:../source/led.c **** #ifdef DEBUG
  51:../source/led.c **** 	PRINTF("\n\r LED Initialization Successful");
 159              		.loc 1 51 2
 160 0096 0D4B     		ldr	r3, .L2+40
 161 0098 1800     		movs	r0, r3
 162 009a FFF7FEFF 		bl	DbgConsole_Printf
  52:../source/led.c **** #endif
  53:../source/led.c **** }
 163              		.loc 1 53 1
 164 009e C046     		nop
 165 00a0 BD46     		mov	sp, r7
 166              		@ sp needed
 167 00a2 80BD     		pop	{r7, pc}
 168              	.L3:
 169              		.align	2
 170              	.L2:
 171 00a4 00000000 		.word	.LC0
 172 00a8 00700440 		.word	1074032640
 173 00ac 38100000 		.word	4152
 174 00b0 28000000 		.word	.LC2
 175 00b4 00A00440 		.word	1074044928
 176 00b8 FFF8FFFF 		.word	-1793
 177 00bc 00C00440 		.word	1074053120
 178 00c0 50000000 		.word	.LC4
 179 00c4 40F00F40 		.word	1074786368
 180 00c8 C0F00F40 		.word	1074786496
 181 00cc 78000000 		.word	.LC6
 182              		.cfi_endproc
 183              	.LFE56:
 185              		.section	.rodata.LED_Control.str1.4,"aMS",%progbits,1
 186              		.align	2
 187              	.LC8:
 188 0000 0A0D204C 		.ascii	"\012\015 LED CHANGE STATUS LOG ; 1-> Active, 0->Dis"
 188      45442043 
 188      48414E47 
 188      45205354 
 188      41545553 
 189 002d 61626C65 		.ascii	"abled\000"
 189      6400
 190 0033 00       		.align	2
 191              	.LC10:
 192 0034 0A0D2052 		.ascii	"\012\015 RED LED : %u\000"
 192      4544204C 
 192      4544203A 
 192      20257500 
 193              		.align	2
 194              	.LC12:
 195 0044 0A0D2047 		.ascii	"\012\015 GREEN LED : %u\000"
 195      5245454E 
 195      204C4544 
 195      203A2025 
 195      7500
 196 0056 0000     		.align	2
 197              	.LC14:
 198 0058 0A0D2042 		.ascii	"\012\015 BLUE LED : %u\000"
 198      4C554520 
 198      4C454420 
 198      3A202575 
 198      00
 199              		.section	.text.LED_Control,"ax",%progbits
 200              		.align	1
 201              		.global	LED_Control
 202              		.syntax unified
 203              		.code	16
 204              		.thumb_func
 205              		.fpu softvfp
 207              	LED_Control:
 208              	.LFB57:
  54:../source/led.c **** 
  55:../source/led.c **** 
  56:../source/led.c **** /**
  57:../source/led.c **** ​ * ​ ​ @brief​ ​ Clears and Sets the bits required for Digital On/Off of LEDs
  58:../source/led.c **** ​ *
  59:../source/led.c **** ​ * ​ ​ PCOR -> Clears Bit for the set Mask Pin (Active Low)
  60:../source/led.c ****  *   PSOR -> Sets Bit for the set Mask Pin
  61:../source/led.c ****  *
  62:../source/led.c **** ​ * ​ ​ @param​ ​ red: Boolean 1 to set High, 0 to set Low for Red Led
  63:../source/led.c ****  * ​ ​ @param​ ​ green: Boolean 1 to set High, 0 to set Low for Green Led
  64:../source/led.c ****  * ​ ​ @param​ ​ blue: Boolean 1 to set High, 0 to set Low for Blue Led
  65:../source/led.c **** ​ *
  66:../source/led.c **** ​ * ​ ​ @return​ ​ void
  67:../source/led.c **** ​ */
  68:../source/led.c **** void LED_Control(unsigned int red, unsigned int green, unsigned int blue) {
 209              		.loc 1 68 75
 210              		.cfi_startproc
 211              		@ args = 0, pretend = 0, frame = 16
 212              		@ frame_needed = 1, uses_anonymous_args = 0
 213 0000 80B5     		push	{r7, lr}
 214              		.cfi_def_cfa_offset 8
 215              		.cfi_offset 7, -8
 216              		.cfi_offset 14, -4
 217 0002 84B0     		sub	sp, sp, #16
 218              		.cfi_def_cfa_offset 24
 219 0004 00AF     		add	r7, sp, #0
 220              		.cfi_def_cfa_register 7
 221 0006 F860     		str	r0, [r7, #12]
 222 0008 B960     		str	r1, [r7, #8]
 223 000a 7A60     		str	r2, [r7, #4]
  69:../source/led.c **** 
  70:../source/led.c **** #ifdef DEBUG
  71:../source/led.c **** 	PRINTF("\n\r LED CHANGE STATUS LOG ; 1-> Active, 0->Disabled");
 224              		.loc 1 71 2
 225 000c 1D4B     		ldr	r3, .L12
 226 000e 1800     		movs	r0, r3
 227 0010 FFF7FEFF 		bl	DbgConsole_Printf
  72:../source/led.c **** 	PRINTF("\n\r RED LED : %u", red);
 228              		.loc 1 72 2
 229 0014 FA68     		ldr	r2, [r7, #12]
 230 0016 1C4B     		ldr	r3, .L12+4
 231 0018 1100     		movs	r1, r2
 232 001a 1800     		movs	r0, r3
 233 001c FFF7FEFF 		bl	DbgConsole_Printf
  73:../source/led.c **** 	PRINTF("\n\r GREEN LED : %u", green);
 234              		.loc 1 73 2
 235 0020 BA68     		ldr	r2, [r7, #8]
 236 0022 1A4B     		ldr	r3, .L12+8
 237 0024 1100     		movs	r1, r2
 238 0026 1800     		movs	r0, r3
 239 0028 FFF7FEFF 		bl	DbgConsole_Printf
  74:../source/led.c **** 	PRINTF("\n\r BLUE LED : %u", blue);
 240              		.loc 1 74 2
 241 002c 7A68     		ldr	r2, [r7, #4]
 242 002e 184B     		ldr	r3, .L12+12
 243 0030 1100     		movs	r1, r2
 244 0032 1800     		movs	r0, r3
 245 0034 FFF7FEFF 		bl	DbgConsole_Printf
  75:../source/led.c **** #endif
  76:../source/led.c **** 
  77:../source/led.c **** 	// BLue
  78:../source/led.c **** 	if(blue){
 246              		.loc 1 78 4
 247 0038 7B68     		ldr	r3, [r7, #4]
 248 003a 002B     		cmp	r3, #0
 249 003c 03D0     		beq	.L5
  79:../source/led.c **** 		PTD->PCOR = MASK(BLUE_LED_PIN_POS);
 250              		.loc 1 79 6
 251 003e 154B     		ldr	r3, .L12+16
 252              		.loc 1 79 13
 253 0040 0222     		movs	r2, #2
 254 0042 9A60     		str	r2, [r3, #8]
 255 0044 02E0     		b	.L6
 256              	.L5:
  80:../source/led.c **** 	}
  81:../source/led.c **** 	else {
  82:../source/led.c **** 		PTD->PSOR = MASK(BLUE_LED_PIN_POS);
 257              		.loc 1 82 6
 258 0046 134B     		ldr	r3, .L12+16
 259              		.loc 1 82 13
 260 0048 0222     		movs	r2, #2
 261 004a 5A60     		str	r2, [r3, #4]
 262              	.L6:
  83:../source/led.c **** 	}
  84:../source/led.c **** 
  85:../source/led.c **** 	// Red
  86:../source/led.c **** 	if(red){
 263              		.loc 1 86 4
 264 004c FB68     		ldr	r3, [r7, #12]
 265 004e 002B     		cmp	r3, #0
 266 0050 04D0     		beq	.L7
  87:../source/led.c **** 		PTB->PCOR = MASK(RED_LED_PIN_POS);
 267              		.loc 1 87 6
 268 0052 114B     		ldr	r3, .L12+20
 269              		.loc 1 87 13
 270 0054 8022     		movs	r2, #128
 271 0056 D202     		lsls	r2, r2, #11
 272 0058 9A60     		str	r2, [r3, #8]
 273 005a 03E0     		b	.L8
 274              	.L7:
  88:../source/led.c **** 	}
  89:../source/led.c **** 	else {
  90:../source/led.c **** 		PTB->PSOR = MASK(RED_LED_PIN_POS);
 275              		.loc 1 90 6
 276 005c 0E4B     		ldr	r3, .L12+20
 277              		.loc 1 90 13
 278 005e 8022     		movs	r2, #128
 279 0060 D202     		lsls	r2, r2, #11
 280 0062 5A60     		str	r2, [r3, #4]
 281              	.L8:
  91:../source/led.c **** 	}
  92:../source/led.c **** 
  93:../source/led.c **** 	// Green
  94:../source/led.c **** 	if(green){
 282              		.loc 1 94 4
 283 0064 BB68     		ldr	r3, [r7, #8]
 284 0066 002B     		cmp	r3, #0
 285 0068 04D0     		beq	.L9
  95:../source/led.c **** 		PTB->PCOR = MASK(GREEN_LED_PIN_POS);
 286              		.loc 1 95 6
 287 006a 0B4B     		ldr	r3, .L12+20
 288              		.loc 1 95 13
 289 006c 8022     		movs	r2, #128
 290 006e 1203     		lsls	r2, r2, #12
 291 0070 9A60     		str	r2, [r3, #8]
  96:../source/led.c **** 	}
  97:../source/led.c **** 	else {
  98:../source/led.c **** 		PTB->PSOR = MASK(GREEN_LED_PIN_POS);
  99:../source/led.c **** 	}
 100:../source/led.c **** 
 101:../source/led.c **** }
 292              		.loc 1 101 1
 293 0072 03E0     		b	.L11
 294              	.L9:
  98:../source/led.c **** 	}
 295              		.loc 1 98 6
 296 0074 084B     		ldr	r3, .L12+20
  98:../source/led.c **** 	}
 297              		.loc 1 98 13
 298 0076 8022     		movs	r2, #128
 299 0078 1203     		lsls	r2, r2, #12
 300 007a 5A60     		str	r2, [r3, #4]
 301              	.L11:
 302              		.loc 1 101 1
 303 007c C046     		nop
 304 007e BD46     		mov	sp, r7
 305 0080 04B0     		add	sp, sp, #16
 306              		@ sp needed
 307 0082 80BD     		pop	{r7, pc}
 308              	.L13:
 309              		.align	2
 310              	.L12:
 311 0084 00000000 		.word	.LC8
 312 0088 34000000 		.word	.LC10
 313 008c 44000000 		.word	.LC12
 314 0090 58000000 		.word	.LC14
 315 0094 C0F00F40 		.word	1074786496
 316 0098 40F00F40 		.word	1074786368
 317              		.cfi_endproc
 318              	.LFE57:
 320              		.section	.rodata.LED_Startup.str1.4,"aMS",%progbits,1
 321              		.align	2
 322              	.LC16:
 323 0000 0A0D204C 		.ascii	"\012\015 LED RED ON for 500 msec\000"
 323      45442052 
 323      4544204F 
 323      4E20666F 
 323      72203530 
 324 001b 00       		.align	2
 325              	.LC18:
 326 001c 0A0D2041 		.ascii	"\012\015 ALL LED DISABLED for 100 msec\000"
 326      4C4C204C 
 326      45442044 
 326      49534142 
 326      4C454420 
 327              		.global	__aeabi_uidiv
 328 003d 000000   		.align	2
 329              	.LC20:
 330 0040 0A0D204C 		.ascii	"\012\015 LED GREEN ON for 500 msec\000"
 330      45442047 
 330      5245454E 
 330      204F4E20 
 330      666F7220 
 331 005d 000000   		.align	2
 332              	.LC22:
 333 0060 0A0D204C 		.ascii	"\012\015 LED BLUE ON for 500 msec\000"
 333      45442042 
 333      4C554520 
 333      4F4E2066 
 333      6F722035 
 334              		.align	2
 335              	.LC24:
 336 007c 0A0D204C 		.ascii	"\012\015 LED WHITE for 100 msec\000"
 336      45442057 
 336      48495445 
 336      20666F72 
 336      20313030 
 337              		.section	.text.LED_Startup,"ax",%progbits
 338              		.align	1
 339              		.global	LED_Startup
 340              		.syntax unified
 341              		.code	16
 342              		.thumb_func
 343              		.fpu softvfp
 345              	LED_Startup:
 346              	.LFB58:
 102:../source/led.c **** 
 103:../source/led.c **** //void LED_TurnOFF(void) {
 104:../source/led.c **** //	PTD->PDDR &= ~ MASK(BLUE_LED_PIN_POS);
 105:../source/led.c **** //	PTB->PDDR &= ~ MASK(RED_LED_PIN_POS);
 106:../source/led.c **** //	PTB->PDDR &= ~ MASK(GREEN_LED_PIN_POS);
 107:../source/led.c **** //}
 108:../source/led.c **** 
 109:../source/led.c **** 
 110:../source/led.c **** /**
 111:../source/led.c **** ​ * ​ ​ @brief​ ​ Implement Startup Routine
 112:../source/led.c **** ​ *
 113:../source/led.c **** ​ * ​ ​ Implements the following routine
 114:../source/led.c ****  *    RED for 500 msec, OFF for 100 msec,
 115:../source/led.c ****  * 	  GREEN for 500 msec, OFF for 100 msec,
 116:../source/led.c ****  *	  BLUE for 500 msec, OFF for 100 msec
 117:../source/led.c ****  *	  WHITE (that is, RED, GREEN, and BLUE all on) for 100 msec, OFF for 100 msec
 118:../source/led.c ****  *    WHITE for 100 msec, OFF for 100 MSEC
 119:../source/led.c ****  *
 120:../source/led.c **** ​ * ​ ​ @param​ ​ sec : ​ Delay period
 121:../source/led.c **** ​ *
 122:../source/led.c **** ​ * ​ ​ @return​ ​ void
 123:../source/led.c **** ​ */
 124:../source/led.c **** void LED_Startup(uint32_t sec) {
 347              		.loc 1 124 32
 348              		.cfi_startproc
 349              		@ args = 0, pretend = 0, frame = 8
 350              		@ frame_needed = 1, uses_anonymous_args = 0
 351 0000 80B5     		push	{r7, lr}
 352              		.cfi_def_cfa_offset 8
 353              		.cfi_offset 7, -8
 354              		.cfi_offset 14, -4
 355 0002 82B0     		sub	sp, sp, #8
 356              		.cfi_def_cfa_offset 16
 357 0004 00AF     		add	r7, sp, #0
 358              		.cfi_def_cfa_register 7
 359 0006 7860     		str	r0, [r7, #4]
 125:../source/led.c **** 	// Red n for 500 msec
 126:../source/led.c **** 
 127:../source/led.c **** 	LED_Control(RED_ON, GREEN_OFF, BLUE_OFF);
 360              		.loc 1 127 2
 361 0008 0022     		movs	r2, #0
 362 000a 0021     		movs	r1, #0
 363 000c 0120     		movs	r0, #1
 364 000e FFF7FEFF 		bl	LED_Control
 128:../source/led.c **** #ifdef DEBUG
 129:../source/led.c **** 	PRINTF("\n\r LED RED ON for 500 msec");
 365              		.loc 1 129 2
 366 0012 534B     		ldr	r3, .L15
 367 0014 1800     		movs	r0, r3
 368 0016 FFF7FEFF 		bl	DbgConsole_Printf
 130:../source/led.c **** #endif
 131:../source/led.c **** 	Delay(sec/2);
 369              		.loc 1 131 2
 370 001a 7B68     		ldr	r3, [r7, #4]
 371 001c 5B08     		lsrs	r3, r3, #1
 372 001e 1800     		movs	r0, r3
 373 0020 FFF7FEFF 		bl	Delay
 132:../source/led.c **** 
 133:../source/led.c **** 	// All off for 100 msec
 134:../source/led.c **** 	LED_Control(RED_OFF, GREEN_OFF, BLUE_OFF);
 374              		.loc 1 134 2
 375 0024 0022     		movs	r2, #0
 376 0026 0021     		movs	r1, #0
 377 0028 0020     		movs	r0, #0
 378 002a FFF7FEFF 		bl	LED_Control
 135:../source/led.c **** #ifdef DEBUG
 136:../source/led.c **** 	PRINTF("\n\r ALL LED DISABLED for 100 msec");
 379              		.loc 1 136 2
 380 002e 4D4B     		ldr	r3, .L15+4
 381 0030 1800     		movs	r0, r3
 382 0032 FFF7FEFF 		bl	DbgConsole_Printf
 137:../source/led.c **** #endif
 138:../source/led.c **** 	Delay(sec/10);
 383              		.loc 1 138 2
 384 0036 7B68     		ldr	r3, [r7, #4]
 385 0038 0A21     		movs	r1, #10
 386 003a 1800     		movs	r0, r3
 387 003c FFF7FEFF 		bl	__aeabi_uidiv
 388              	.LVL0:
 389 0040 0300     		movs	r3, r0
 390 0042 1800     		movs	r0, r3
 391 0044 FFF7FEFF 		bl	Delay
 139:../source/led.c **** 
 140:../source/led.c **** 	// Green for 500 msec
 141:../source/led.c **** 	LED_Control(RED_OFF, GREEN_ON, BLUE_OFF);
 392              		.loc 1 141 2
 393 0048 0022     		movs	r2, #0
 394 004a 0121     		movs	r1, #1
 395 004c 0020     		movs	r0, #0
 396 004e FFF7FEFF 		bl	LED_Control
 142:../source/led.c **** #ifdef DEBUG
 143:../source/led.c **** 	PRINTF("\n\r LED GREEN ON for 500 msec");
 397              		.loc 1 143 2
 398 0052 454B     		ldr	r3, .L15+8
 399 0054 1800     		movs	r0, r3
 400 0056 FFF7FEFF 		bl	DbgConsole_Printf
 144:../source/led.c **** #endif
 145:../source/led.c **** 	Delay(sec/2);
 401              		.loc 1 145 2
 402 005a 7B68     		ldr	r3, [r7, #4]
 403 005c 5B08     		lsrs	r3, r3, #1
 404 005e 1800     		movs	r0, r3
 405 0060 FFF7FEFF 		bl	Delay
 146:../source/led.c **** 
 147:../source/led.c **** 	// All off for 100 msec
 148:../source/led.c **** 	LED_Control(RED_OFF, GREEN_OFF, BLUE_OFF);
 406              		.loc 1 148 2
 407 0064 0022     		movs	r2, #0
 408 0066 0021     		movs	r1, #0
 409 0068 0020     		movs	r0, #0
 410 006a FFF7FEFF 		bl	LED_Control
 149:../source/led.c **** #ifdef DEBUG
 150:../source/led.c **** 	PRINTF("\n\r ALL LED DISABLED for 100 msec");
 411              		.loc 1 150 2
 412 006e 3D4B     		ldr	r3, .L15+4
 413 0070 1800     		movs	r0, r3
 414 0072 FFF7FEFF 		bl	DbgConsole_Printf
 151:../source/led.c **** #endif
 152:../source/led.c **** 	Delay(sec/10);
 415              		.loc 1 152 2
 416 0076 7B68     		ldr	r3, [r7, #4]
 417 0078 0A21     		movs	r1, #10
 418 007a 1800     		movs	r0, r3
 419 007c FFF7FEFF 		bl	__aeabi_uidiv
 420              	.LVL1:
 421 0080 0300     		movs	r3, r0
 422 0082 1800     		movs	r0, r3
 423 0084 FFF7FEFF 		bl	Delay
 153:../source/led.c **** 
 154:../source/led.c **** 	// Blue for 500 msec
 155:../source/led.c **** 	LED_Control(RED_OFF, GREEN_OFF, BLUE_ON);
 424              		.loc 1 155 2
 425 0088 0122     		movs	r2, #1
 426 008a 0021     		movs	r1, #0
 427 008c 0020     		movs	r0, #0
 428 008e FFF7FEFF 		bl	LED_Control
 156:../source/led.c **** #ifdef DEBUG
 157:../source/led.c **** 	PRINTF("\n\r LED BLUE ON for 500 msec");
 429              		.loc 1 157 2
 430 0092 364B     		ldr	r3, .L15+12
 431 0094 1800     		movs	r0, r3
 432 0096 FFF7FEFF 		bl	DbgConsole_Printf
 158:../source/led.c **** #endif
 159:../source/led.c **** 	Delay(sec/2);
 433              		.loc 1 159 2
 434 009a 7B68     		ldr	r3, [r7, #4]
 435 009c 5B08     		lsrs	r3, r3, #1
 436 009e 1800     		movs	r0, r3
 437 00a0 FFF7FEFF 		bl	Delay
 160:../source/led.c **** 
 161:../source/led.c **** 	// All off for 100 msec
 162:../source/led.c **** 	LED_Control(RED_OFF, GREEN_OFF, BLUE_OFF);
 438              		.loc 1 162 2
 439 00a4 0022     		movs	r2, #0
 440 00a6 0021     		movs	r1, #0
 441 00a8 0020     		movs	r0, #0
 442 00aa FFF7FEFF 		bl	LED_Control
 163:../source/led.c **** #ifdef DEBUG
 164:../source/led.c **** 	PRINTF("\n\r ALL LED DISABLED for 100 msec");
 443              		.loc 1 164 2
 444 00ae 2D4B     		ldr	r3, .L15+4
 445 00b0 1800     		movs	r0, r3
 446 00b2 FFF7FEFF 		bl	DbgConsole_Printf
 165:../source/led.c **** #endif
 166:../source/led.c **** 	Delay(sec/10);
 447              		.loc 1 166 2
 448 00b6 7B68     		ldr	r3, [r7, #4]
 449 00b8 0A21     		movs	r1, #10
 450 00ba 1800     		movs	r0, r3
 451 00bc FFF7FEFF 		bl	__aeabi_uidiv
 452              	.LVL2:
 453 00c0 0300     		movs	r3, r0
 454 00c2 1800     		movs	r0, r3
 455 00c4 FFF7FEFF 		bl	Delay
 167:../source/led.c **** 
 168:../source/led.c **** 	// White for 100 msec
 169:../source/led.c **** 	LED_Control(RED_ON, GREEN_ON, BLUE_ON);
 456              		.loc 1 169 2
 457 00c8 0122     		movs	r2, #1
 458 00ca 0121     		movs	r1, #1
 459 00cc 0120     		movs	r0, #1
 460 00ce FFF7FEFF 		bl	LED_Control
 170:../source/led.c **** #ifdef DEBUG
 171:../source/led.c **** 	PRINTF("\n\r LED WHITE for 100 msec");
 461              		.loc 1 171 2
 462 00d2 274B     		ldr	r3, .L15+16
 463 00d4 1800     		movs	r0, r3
 464 00d6 FFF7FEFF 		bl	DbgConsole_Printf
 172:../source/led.c **** #endif
 173:../source/led.c **** 	Delay(sec/10);
 465              		.loc 1 173 2
 466 00da 7B68     		ldr	r3, [r7, #4]
 467 00dc 0A21     		movs	r1, #10
 468 00de 1800     		movs	r0, r3
 469 00e0 FFF7FEFF 		bl	__aeabi_uidiv
 470              	.LVL3:
 471 00e4 0300     		movs	r3, r0
 472 00e6 1800     		movs	r0, r3
 473 00e8 FFF7FEFF 		bl	Delay
 174:../source/led.c **** 
 175:../source/led.c **** 	// All off for 100 msec
 176:../source/led.c **** 	LED_Control(RED_OFF, GREEN_OFF, BLUE_OFF);
 474              		.loc 1 176 2
 475 00ec 0022     		movs	r2, #0
 476 00ee 0021     		movs	r1, #0
 477 00f0 0020     		movs	r0, #0
 478 00f2 FFF7FEFF 		bl	LED_Control
 177:../source/led.c **** #ifdef DEBUG
 178:../source/led.c **** 	PRINTF("\n\r ALL LED DISABLED for 100 msec");
 479              		.loc 1 178 2
 480 00f6 1B4B     		ldr	r3, .L15+4
 481 00f8 1800     		movs	r0, r3
 482 00fa FFF7FEFF 		bl	DbgConsole_Printf
 179:../source/led.c **** #endif
 180:../source/led.c **** 	Delay(sec/10);
 483              		.loc 1 180 2
 484 00fe 7B68     		ldr	r3, [r7, #4]
 485 0100 0A21     		movs	r1, #10
 486 0102 1800     		movs	r0, r3
 487 0104 FFF7FEFF 		bl	__aeabi_uidiv
 488              	.LVL4:
 489 0108 0300     		movs	r3, r0
 490 010a 1800     		movs	r0, r3
 491 010c FFF7FEFF 		bl	Delay
 181:../source/led.c **** 
 182:../source/led.c **** 	// White for 100 msec
 183:../source/led.c **** 	LED_Control(RED_ON, GREEN_ON, BLUE_ON);
 492              		.loc 1 183 2
 493 0110 0122     		movs	r2, #1
 494 0112 0121     		movs	r1, #1
 495 0114 0120     		movs	r0, #1
 496 0116 FFF7FEFF 		bl	LED_Control
 184:../source/led.c **** #ifdef DEBUG
 185:../source/led.c **** 	PRINTF("\n\r LED WHITE for 100 msec");
 497              		.loc 1 185 2
 498 011a 154B     		ldr	r3, .L15+16
 499 011c 1800     		movs	r0, r3
 500 011e FFF7FEFF 		bl	DbgConsole_Printf
 186:../source/led.c **** #endif
 187:../source/led.c **** 	Delay(sec/10);
 501              		.loc 1 187 2
 502 0122 7B68     		ldr	r3, [r7, #4]
 503 0124 0A21     		movs	r1, #10
 504 0126 1800     		movs	r0, r3
 505 0128 FFF7FEFF 		bl	__aeabi_uidiv
 506              	.LVL5:
 507 012c 0300     		movs	r3, r0
 508 012e 1800     		movs	r0, r3
 509 0130 FFF7FEFF 		bl	Delay
 188:../source/led.c **** 
 189:../source/led.c **** 	// All off for 100 msec
 190:../source/led.c **** 	LED_Control(RED_OFF, GREEN_OFF, BLUE_OFF);
 510              		.loc 1 190 2
 511 0134 0022     		movs	r2, #0
 512 0136 0021     		movs	r1, #0
 513 0138 0020     		movs	r0, #0
 514 013a FFF7FEFF 		bl	LED_Control
 191:../source/led.c **** #ifdef DEBUG
 192:../source/led.c **** 	PRINTF("\n\r ALL LED DISABLED for 100 msec");
 515              		.loc 1 192 2
 516 013e 094B     		ldr	r3, .L15+4
 517 0140 1800     		movs	r0, r3
 518 0142 FFF7FEFF 		bl	DbgConsole_Printf
 193:../source/led.c **** #endif
 194:../source/led.c **** 	Delay(sec/10);
 519              		.loc 1 194 2
 520 0146 7B68     		ldr	r3, [r7, #4]
 521 0148 0A21     		movs	r1, #10
 522 014a 1800     		movs	r0, r3
 523 014c FFF7FEFF 		bl	__aeabi_uidiv
 524              	.LVL6:
 525 0150 0300     		movs	r3, r0
 526 0152 1800     		movs	r0, r3
 527 0154 FFF7FEFF 		bl	Delay
 195:../source/led.c **** 
 196:../source/led.c **** }
 528              		.loc 1 196 1
 529 0158 C046     		nop
 530 015a BD46     		mov	sp, r7
 531 015c 02B0     		add	sp, sp, #8
 532              		@ sp needed
 533 015e 80BD     		pop	{r7, pc}
 534              	.L16:
 535              		.align	2
 536              	.L15:
 537 0160 00000000 		.word	.LC16
 538 0164 1C000000 		.word	.LC18
 539 0168 40000000 		.word	.LC20
 540 016c 60000000 		.word	.LC22
 541 0170 7C000000 		.word	.LC24
 542              		.cfi_endproc
 543              	.LFE58:
 545              		.section	.rodata.helper_COLOR.str1.4,"aMS",%progbits,1
 546              		.align	2
 547              	.LC26:
 548 0000 0A0D2053 		.ascii	"\012\015 SLIDER VALUE: %u\000"
 548      4C494445 
 548      52205641 
 548      4C55453A 
 548      20257500 
 549              		.section	.text.helper_COLOR,"ax",%progbits
 550              		.align	1
 551              		.global	helper_COLOR
 552              		.syntax unified
 553              		.code	16
 554              		.thumb_func
 555              		.fpu softvfp
 557              	helper_COLOR:
 558              	.LFB59:
 197:../source/led.c **** 
 198:../source/led.c **** 
 199:../source/led.c **** /**
 200:../source/led.c **** ​ * ​ ​ @brief​ ​ Helper Function to Set the LED's based on Input of Helper Function
 201:../source/led.c **** ​ *
 202:../source/led.c **** ​ * ​ ​ Given a value as an input from the Capacitive Sensor it Sets the LED Status array
 203:../source/led.c ****  *   to the desired config
 204:../source/led.c ****  *
 205:../source/led.c **** ​ * ​ ​ @param​ ​ val : ​ Value with OFFSET from the capacitive Sensor
 206:../source/led.c ****  *   @param  LED_array : LED Status Array
 207:../source/led.c **** ​ *
 208:../source/led.c **** ​ * ​ ​ @return​ ​ void
 209:../source/led.c **** ​ */
 210:../source/led.c **** void helper_COLOR(int* val, bool* LED_array) {
 559              		.loc 1 210 46
 560              		.cfi_startproc
 561              		@ args = 0, pretend = 0, frame = 8
 562              		@ frame_needed = 1, uses_anonymous_args = 0
 563 0000 80B5     		push	{r7, lr}
 564              		.cfi_def_cfa_offset 8
 565              		.cfi_offset 7, -8
 566              		.cfi_offset 14, -4
 567 0002 82B0     		sub	sp, sp, #8
 568              		.cfi_def_cfa_offset 16
 569 0004 00AF     		add	r7, sp, #0
 570              		.cfi_def_cfa_register 7
 571 0006 7860     		str	r0, [r7, #4]
 572 0008 3960     		str	r1, [r7]
 211:../source/led.c **** 
 212:../source/led.c **** #ifdef DEBUG
 213:../source/led.c **** 	PRINTF("\n\r SLIDER VALUE: %u", *val);
 573              		.loc 1 213 2
 574 000a 7B68     		ldr	r3, [r7, #4]
 575 000c 1A68     		ldr	r2, [r3]
 576 000e 334B     		ldr	r3, .L24
 577 0010 1100     		movs	r1, r2
 578 0012 1800     		movs	r0, r3
 579 0014 FFF7FEFF 		bl	DbgConsole_Printf
 214:../source/led.c **** #endif
 215:../source/led.c **** 
 216:../source/led.c **** 	if(*val<= 20 || *val > 2000) {
 580              		.loc 1 216 5
 581 0018 7B68     		ldr	r3, [r7, #4]
 582 001a 1B68     		ldr	r3, [r3]
 583              		.loc 1 216 4
 584 001c 142B     		cmp	r3, #20
 585 001e 05DD     		ble	.L18
 586              		.loc 1 216 18 discriminator 1
 587 0020 7B68     		ldr	r3, [r7, #4]
 588 0022 1A68     		ldr	r2, [r3]
 589              		.loc 1 216 15 discriminator 1
 590 0024 FA23     		movs	r3, #250
 591 0026 DB00     		lsls	r3, r3, #3
 592 0028 9A42     		cmp	r2, r3
 593 002a 10DD     		ble	.L19
 594              	.L18:
 217:../source/led.c **** 		LED_Control(RED_OFF, GREEN_OFF, BLUE_OFF);
 595              		.loc 1 217 3
 596 002c 0022     		movs	r2, #0
 597 002e 0021     		movs	r1, #0
 598 0030 0020     		movs	r0, #0
 599 0032 FFF7FEFF 		bl	LED_Control
 218:../source/led.c **** 		LED_array[0] = LED_array[1] = LED_array[2] = 0;
 600              		.loc 1 218 42
 601 0036 3B68     		ldr	r3, [r7]
 602 0038 9A1C     		adds	r2, r3, #2
 603              		.loc 1 218 46
 604 003a 0023     		movs	r3, #0
 605 003c 1370     		strb	r3, [r2]
 606              		.loc 1 218 27
 607 003e 3B68     		ldr	r3, [r7]
 608 0040 0133     		adds	r3, r3, #1
 609              		.loc 1 218 42
 610 0042 1278     		ldrb	r2, [r2]
 611              		.loc 1 218 31
 612 0044 1A70     		strb	r2, [r3]
 613              		.loc 1 218 27
 614 0046 1A78     		ldrb	r2, [r3]
 615              		.loc 1 218 16
 616 0048 3B68     		ldr	r3, [r7]
 617 004a 1A70     		strb	r2, [r3]
 219:../source/led.c **** 	}
 220:../source/led.c **** 	else if (*val < 350) {
 221:../source/led.c **** 		LED_Control(RED_ON, 0 , 0);
 222:../source/led.c **** 		LED_array[0] = RED_ON;
 223:../source/led.c **** 		LED_array[1] = LED_array[2] = 0;
 224:../source/led.c **** 	}
 225:../source/led.c **** 	else if(*val < 750) {
 226:../source/led.c **** 		LED_Control(0, GREEN_ON , 0);
 227:../source/led.c **** 		LED_array[1] = GREEN_ON;
 228:../source/led.c **** 		LED_array[0] = LED_array[2] = 0;
 229:../source/led.c **** 	}
 230:../source/led.c **** 	else if(*val >= 750) {
 231:../source/led.c **** 		LED_Control(0, 0, BLUE_ON);
 232:../source/led.c **** 		LED_array[2] = BLUE_ON;
 233:../source/led.c **** 		LED_array[0] = LED_array[1] = 0;
 234:../source/led.c **** 	}
 235:../source/led.c **** }
 618              		.loc 1 235 1
 619 004c 41E0     		b	.L23
 620              	.L19:
 220:../source/led.c **** 		LED_Control(RED_ON, 0 , 0);
 621              		.loc 1 220 11
 622 004e 7B68     		ldr	r3, [r7, #4]
 623 0050 1A68     		ldr	r2, [r3]
 220:../source/led.c **** 		LED_Control(RED_ON, 0 , 0);
 624              		.loc 1 220 10
 625 0052 AF23     		movs	r3, #175
 626 0054 5B00     		lsls	r3, r3, #1
 627 0056 9A42     		cmp	r2, r3
 628 0058 10DA     		bge	.L21
 221:../source/led.c **** 		LED_array[0] = RED_ON;
 629              		.loc 1 221 3
 630 005a 0022     		movs	r2, #0
 631 005c 0021     		movs	r1, #0
 632 005e 0120     		movs	r0, #1
 633 0060 FFF7FEFF 		bl	LED_Control
 222:../source/led.c **** 		LED_array[1] = LED_array[2] = 0;
 634              		.loc 1 222 16
 635 0064 3B68     		ldr	r3, [r7]
 636 0066 0122     		movs	r2, #1
 637 0068 1A70     		strb	r2, [r3]
 223:../source/led.c **** 	}
 638              		.loc 1 223 27
 639 006a 3B68     		ldr	r3, [r7]
 640 006c 0233     		adds	r3, r3, #2
 223:../source/led.c **** 	}
 641              		.loc 1 223 31
 642 006e 0022     		movs	r2, #0
 643 0070 1A70     		strb	r2, [r3]
 223:../source/led.c **** 	}
 644              		.loc 1 223 12
 645 0072 3A68     		ldr	r2, [r7]
 646 0074 0132     		adds	r2, r2, #1
 223:../source/led.c **** 	}
 647              		.loc 1 223 27
 648 0076 1B78     		ldrb	r3, [r3]
 223:../source/led.c **** 	}
 649              		.loc 1 223 16
 650 0078 1370     		strb	r3, [r2]
 651              		.loc 1 235 1
 652 007a 2AE0     		b	.L23
 653              	.L21:
 225:../source/led.c **** 		LED_Control(0, GREEN_ON , 0);
 654              		.loc 1 225 10
 655 007c 7B68     		ldr	r3, [r7, #4]
 656 007e 1B68     		ldr	r3, [r3]
 225:../source/led.c **** 		LED_Control(0, GREEN_ON , 0);
 657              		.loc 1 225 9
 658 0080 174A     		ldr	r2, .L24+4
 659 0082 9342     		cmp	r3, r2
 660 0084 10DC     		bgt	.L22
 226:../source/led.c **** 		LED_array[1] = GREEN_ON;
 661              		.loc 1 226 3
 662 0086 0022     		movs	r2, #0
 663 0088 0121     		movs	r1, #1
 664 008a 0020     		movs	r0, #0
 665 008c FFF7FEFF 		bl	LED_Control
 227:../source/led.c **** 		LED_array[0] = LED_array[2] = 0;
 666              		.loc 1 227 12
 667 0090 3B68     		ldr	r3, [r7]
 668 0092 0133     		adds	r3, r3, #1
 227:../source/led.c **** 		LED_array[0] = LED_array[2] = 0;
 669              		.loc 1 227 16
 670 0094 0122     		movs	r2, #1
 671 0096 1A70     		strb	r2, [r3]
 228:../source/led.c **** 	}
 672              		.loc 1 228 27
 673 0098 3B68     		ldr	r3, [r7]
 674 009a 0233     		adds	r3, r3, #2
 228:../source/led.c **** 	}
 675              		.loc 1 228 31
 676 009c 0022     		movs	r2, #0
 677 009e 1A70     		strb	r2, [r3]
 228:../source/led.c **** 	}
 678              		.loc 1 228 27
 679 00a0 1A78     		ldrb	r2, [r3]
 228:../source/led.c **** 	}
 680              		.loc 1 228 16
 681 00a2 3B68     		ldr	r3, [r7]
 682 00a4 1A70     		strb	r2, [r3]
 683              		.loc 1 235 1
 684 00a6 14E0     		b	.L23
 685              	.L22:
 230:../source/led.c **** 		LED_Control(0, 0, BLUE_ON);
 686              		.loc 1 230 10
 687 00a8 7B68     		ldr	r3, [r7, #4]
 688 00aa 1B68     		ldr	r3, [r3]
 230:../source/led.c **** 		LED_Control(0, 0, BLUE_ON);
 689              		.loc 1 230 9
 690 00ac 0C4A     		ldr	r2, .L24+4
 691 00ae 9342     		cmp	r3, r2
 692 00b0 0FDD     		ble	.L23
 231:../source/led.c **** 		LED_array[2] = BLUE_ON;
 693              		.loc 1 231 3
 694 00b2 0122     		movs	r2, #1
 695 00b4 0021     		movs	r1, #0
 696 00b6 0020     		movs	r0, #0
 697 00b8 FFF7FEFF 		bl	LED_Control
 232:../source/led.c **** 		LED_array[0] = LED_array[1] = 0;
 698              		.loc 1 232 12
 699 00bc 3B68     		ldr	r3, [r7]
 700 00be 0233     		adds	r3, r3, #2
 232:../source/led.c **** 		LED_array[0] = LED_array[1] = 0;
 701              		.loc 1 232 16
 702 00c0 0122     		movs	r2, #1
 703 00c2 1A70     		strb	r2, [r3]
 233:../source/led.c **** 	}
 704              		.loc 1 233 27
 705 00c4 3B68     		ldr	r3, [r7]
 706 00c6 0133     		adds	r3, r3, #1
 233:../source/led.c **** 	}
 707              		.loc 1 233 31
 708 00c8 0022     		movs	r2, #0
 709 00ca 1A70     		strb	r2, [r3]
 233:../source/led.c **** 	}
 710              		.loc 1 233 27
 711 00cc 1A78     		ldrb	r2, [r3]
 233:../source/led.c **** 	}
 712              		.loc 1 233 16
 713 00ce 3B68     		ldr	r3, [r7]
 714 00d0 1A70     		strb	r2, [r3]
 715              	.L23:
 716              		.loc 1 235 1
 717 00d2 C046     		nop
 718 00d4 BD46     		mov	sp, r7
 719 00d6 02B0     		add	sp, sp, #8
 720              		@ sp needed
 721 00d8 80BD     		pop	{r7, pc}
 722              	.L25:
 723 00da C046     		.align	2
 724              	.L24:
 725 00dc 00000000 		.word	.LC26
 726 00e0 ED020000 		.word	749
 727              		.cfi_endproc
 728              	.LFE59:
 730              		.text
 731              	.Letext0:
 732              		.file 2 "/usr/local/mcuxpressoide-11.2.0_4120/ide/plugins/com.nxp.mcuxpresso.tools.linux_11.2.0.20
 733              		.file 3 "/usr/local/mcuxpressoide-11.2.0_4120/ide/plugins/com.nxp.mcuxpresso.tools.linux_11.2.0.20
 734              		.file 4 "/home/arpit/studies/pes/Blinkenlights/CMSIS/system_MKL25Z4.h"
 735              		.file 5 "/home/arpit/studies/pes/Blinkenlights/CMSIS/MKL25Z4.h"
 736              		.file 6 "/usr/local/mcuxpressoide-11.2.0_4120/ide/plugins/com.nxp.mcuxpresso.tools.linux_11.2.0.20
 737              		.file 7 "/home/arpit/studies/pes/Blinkenlights/drivers/fsl_clock.h"
 738              		.file 8 "../source/delay.h"
 739              		.file 9 "/home/arpit/studies/pes/Blinkenlights/drivers/fsl_common.h"
DEFINED SYMBOLS
                            *ABS*:0000000000000000 led.c
     /tmp/ccobNM7S.s:16     .rodata.delayTimes:0000000000000000 $d
     /tmp/ccobNM7S.s:19     .rodata.delayTimes:0000000000000000 delayTimes
     /tmp/ccobNM7S.s:25     .rodata.delayLoopUp:0000000000000000 $d
     /tmp/ccobNM7S.s:28     .rodata.delayLoopUp:0000000000000000 delayLoopUp
     /tmp/ccobNM7S.s:34     .rodata.delay100MSECLoopUp:0000000000000000 $d
     /tmp/ccobNM7S.s:37     .rodata.delay100MSECLoopUp:0000000000000000 delay100MSECLoopUp
     /tmp/ccobNM7S.s:43     .rodata.LED_Init.str1.4:0000000000000000 $d
     /tmp/ccobNM7S.s:56     .text.LED_Init:0000000000000000 $t
     /tmp/ccobNM7S.s:64     .text.LED_Init:0000000000000000 LED_Init
     /tmp/ccobNM7S.s:171    .text.LED_Init:00000000000000a4 $d
     /tmp/ccobNM7S.s:186    .rodata.LED_Control.str1.4:0000000000000000 $d
     /tmp/ccobNM7S.s:200    .text.LED_Control:0000000000000000 $t
     /tmp/ccobNM7S.s:207    .text.LED_Control:0000000000000000 LED_Control
     /tmp/ccobNM7S.s:311    .text.LED_Control:0000000000000084 $d
     /tmp/ccobNM7S.s:321    .rodata.LED_Startup.str1.4:0000000000000000 $d
     /tmp/ccobNM7S.s:338    .text.LED_Startup:0000000000000000 $t
     /tmp/ccobNM7S.s:345    .text.LED_Startup:0000000000000000 LED_Startup
     /tmp/ccobNM7S.s:537    .text.LED_Startup:0000000000000160 $d
     /tmp/ccobNM7S.s:546    .rodata.helper_COLOR.str1.4:0000000000000000 $d
     /tmp/ccobNM7S.s:550    .text.helper_COLOR:0000000000000000 $t
     /tmp/ccobNM7S.s:557    .text.helper_COLOR:0000000000000000 helper_COLOR
     /tmp/ccobNM7S.s:725    .text.helper_COLOR:00000000000000dc $d
                           .group:0000000000000000 wm4.0.b17fa403cb9718989e7a4b461e73e1c9
                           .group:0000000000000000 wm4.redlib_version.h.16.f905717e4b3a91dcbdbb631865150df4
                           .group:0000000000000000 wm4.libconfigarm.h.19.34723c94cbd19598192aa6b1e87fca41
                           .group:0000000000000000 wm4.stdint.h.31.58198de4ea930fb897655479091e17c7
                           .group:0000000000000000 wm4.stdbool.h.15.fddf1cb2402fd739d8e2516677869231
                           .group:0000000000000000 wm4.MKL25Z4.h.103.6fa60f7365436a291410ac7ae38d8851
                           .group:0000000000000000 wm4.core_cm0plus.h.42.7e68c73109133db28e6113a0ee252d6f
                           .group:0000000000000000 wm4.cmsis_gcc.h.36.5bb14fd68ce7855540fcfe2d9305ae16
                           .group:0000000000000000 wm4.core_cm0plus.h.175.8e2cbb335a2ae70828db295817e11b6e
                           .group:0000000000000000 wm4.system_MKL25Z4.h.107.b43986f939b1bf0ee0f9aa04879788f4
                           .group:0000000000000000 wm4.MKL25Z4.h.379.376a3f36380a1b2f1e4cdc95287bb342
                           .group:0000000000000000 wm4.stdio.h.45.f451916e772fb1711dab452062404594
                           .group:0000000000000000 wm4.assert.h.39.e41bcb6e11bd7f1aaa7bbb5b609fe4b1
                           .group:0000000000000000 wm4.fsl_device_registers.h.32.0bd0fc1949c4d5ee8778d13f693b6d67
                           .group:0000000000000000 wm4.MKL25Z4_features.h.84.30fd6c6f11c9d2ffea2189829de10275
                           .group:0000000000000000 wm4.fsl_common.h.55.f0a989f874fed9062f996a5c92215a0e
                           .group:0000000000000000 wm4.fsl_clock.h.61.86ace3515ab77fa85db71e2d42e7d189
                           .group:0000000000000000 wm4.fsl_common.h.162.37daaf5dee6e1f72e10ac988afa1643d
                           .group:0000000000000000 wm4.fsl_debug_console.h.74.e867cb0a12e041687e4aa067a24db557
                           .group:0000000000000000 wm4.cap_sensor.h.19.2c9b72c77237b1dd62cf7eb52257bf7b
                           .group:0000000000000000 wm4.led.h.22.edf48fafab9ff810bfb7872fefcf092e

UNDEFINED SYMBOLS
DbgConsole_Printf
__aeabi_uidiv
Delay
